{"level":"\u001b[32minfo\u001b[39m","message":"\u001b[32mAdmin action: view_all_appointments | User ID: 68d43968482f62ebeea92474 | Details: {\"query\":{\"page\":\"1\",\"limit\":\"10\",\"search\":\"\",\"sortBy\":\"date\",\"sortOrder\":\"asc\",\"status\":\"\"}}\u001b[39m","timestamp":"2025-10-04 13:29:11:2911"}
{"level":"\u001b[32minfo\u001b[39m","message":"\u001b[32mAdmin action: view_all_appointments | User ID: 68d43968482f62ebeea92474 | Details: {\"query\":{\"page\":\"1\",\"limit\":\"10\",\"search\":\"\",\"sortBy\":\"date\",\"sortOrder\":\"asc\",\"status\":\"\"}}\u001b[39m","timestamp":"2025-10-04 13:30:37:3037"}
{"level":"\u001b[32minfo\u001b[39m","message":"\u001b[32mAdmin action: view_all_appointments | User ID: 687944145ddc99f659de2717 | Details: {\"query\":{\"page\":\"1\",\"limit\":\"10\",\"search\":\"\",\"sortBy\":\"date\",\"sortOrder\":\"asc\",\"status\":\"\"}}\u001b[39m","timestamp":"2025-10-09 14:20:46:2046"}
{"level":"\u001b[32minfo\u001b[39m","message":"\u001b[32mAdmin action: view_all_appointments | User ID: 687944145ddc99f659de2717 | Details: {\"query\":{\"page\":\"1\",\"limit\":\"10\",\"search\":\"\",\"sortBy\":\"date\",\"sortOrder\":\"asc\",\"status\":\"\"}}\u001b[39m","timestamp":"2025-10-09 14:23:20:2320"}
{"level":"\u001b[32minfo\u001b[39m","message":"\u001b[32mAdmin action: view_all_appointments | User ID: 687944145ddc99f659de2717 | Details: {\"query\":{\"page\":\"1\",\"limit\":\"10\",\"search\":\"\",\"sortBy\":\"date\",\"sortOrder\":\"asc\",\"status\":\"\"}}\u001b[39m","timestamp":"2025-10-09 14:23:34:2334"}
{"level":"\u001b[32minfo\u001b[39m","message":"\u001b[32mAdmin action: view_all_appointments | User ID: 687944145ddc99f659de2717 | Details: {\"query\":{\"page\":\"1\",\"limit\":\"10\",\"search\":\"\",\"sortBy\":\"date\",\"sortOrder\":\"asc\",\"status\":\"\"}}\u001b[39m","timestamp":"2025-10-09 14:24:35:2435"}
{"level":"\u001b[32minfo\u001b[39m","message":"\u001b[32mAdmin action: view_all_appointments | User ID: 687944145ddc99f659de2717 | Details: {\"query\":{\"page\":\"1\",\"limit\":\"10\",\"search\":\"\",\"sortBy\":\"date\",\"sortOrder\":\"asc\",\"status\":\"\"}}\u001b[39m","timestamp":"2025-10-09 14:25:04:254"}
{"level":"\u001b[32minfo\u001b[39m","message":"\u001b[32mAdmin action: view_all_appointments | User ID: 687944145ddc99f659de2717 | Details: {\"query\":{\"page\":\"1\",\"limit\":\"10\",\"search\":\"\",\"sortBy\":\"date\",\"sortOrder\":\"asc\",\"status\":\"\"}}\u001b[39m","timestamp":"2025-10-09 14:25:07:257"}
{"level":"\u001b[32minfo\u001b[39m","message":"\u001b[32mAdmin action: view_all_appointments | User ID: 687944145ddc99f659de2717 | Details: {\"query\":{\"page\":\"1\",\"limit\":\"10\",\"search\":\"\",\"sortBy\":\"date\",\"sortOrder\":\"asc\",\"status\":\"\"}}\u001b[39m","timestamp":"2025-10-09 14:29:14:2914"}
{"level":"\u001b[32minfo\u001b[39m","message":"\u001b[32mAdmin action: view_all_appointments | User ID: 687944145ddc99f659de2717 | Details: {\"query\":{\"page\":\"1\",\"limit\":\"10\",\"search\":\"\",\"sortBy\":\"date\",\"sortOrder\":\"asc\",\"status\":\"\"}}\u001b[39m","timestamp":"2025-10-09 14:29:37:2937"}
{"level":"\u001b[32minfo\u001b[39m","message":"\u001b[32mAdmin action: view_all_appointments | User ID: 687944145ddc99f659de2717 | Details: {\"query\":{\"page\":\"1\",\"limit\":\"10\",\"search\":\"\",\"sortBy\":\"date\",\"sortOrder\":\"asc\",\"status\":\"\"}}\u001b[39m","timestamp":"2025-10-09 14:31:05:315"}
{"level":"\u001b[32minfo\u001b[39m","message":"\u001b[32mAdmin action: view_all_appointments | User ID: 687944145ddc99f659de2717 | Details: {\"query\":{\"page\":\"1\",\"limit\":\"10\",\"search\":\"\",\"sortBy\":\"date\",\"sortOrder\":\"asc\",\"status\":\"\"}}\u001b[39m","timestamp":"2025-10-09 14:31:08:318"}
{"level":"\u001b[32minfo\u001b[39m","message":"\u001b[32mAdmin action: view_all_appointments | User ID: 687944145ddc99f659de2717 | Details: {\"query\":{\"page\":\"1\",\"limit\":\"10\",\"search\":\"\",\"sortBy\":\"date\",\"sortOrder\":\"asc\",\"status\":\"\"}}\u001b[39m","timestamp":"2025-10-09 14:31:10:3110"}
{"level":"\u001b[32minfo\u001b[39m","message":"\u001b[32mAdmin action: view_all_appointments | User ID: 687944145ddc99f659de2717 | Details: {\"query\":{\"page\":\"1\",\"limit\":\"10\",\"search\":\"\",\"sortBy\":\"date\",\"sortOrder\":\"asc\",\"status\":\"\"}}\u001b[39m","timestamp":"2025-10-09 14:32:07:327"}
{"level":"\u001b[32minfo\u001b[39m","message":"\u001b[32mAdmin action: view_all_appointments | User ID: 687944145ddc99f659de2717 | Details: {\"query\":{\"page\":\"1\",\"limit\":\"10\",\"search\":\"\",\"sortBy\":\"date\",\"sortOrder\":\"asc\",\"status\":\"\"}}\u001b[39m","timestamp":"2025-10-09 14:33:26:3326"}
{"level":"\u001b[32minfo\u001b[39m","message":"\u001b[32mAdmin action: view_all_appointments | User ID: 687944145ddc99f659de2717 | Details: {\"query\":{\"page\":\"1\",\"limit\":\"10\",\"search\":\"\",\"sortBy\":\"date\",\"sortOrder\":\"asc\",\"status\":\"\"}}\u001b[39m","timestamp":"2025-10-09 14:33:29:3329"}
{"level":"\u001b[32minfo\u001b[39m","message":"\u001b[32mAdmin action: view_all_appointments | User ID: 687944145ddc99f659de2717 | Details: {\"query\":{\"page\":\"1\",\"limit\":\"10\",\"search\":\"\",\"sortBy\":\"date\",\"sortOrder\":\"asc\",\"status\":\"\"}}\u001b[39m","timestamp":"2025-10-09 14:33:37:3337"}
{"level":"\u001b[32minfo\u001b[39m","message":"\u001b[32mAdmin action: view_all_appointments | User ID: 687944145ddc99f659de2717 | Details: {\"query\":{\"page\":\"1\",\"limit\":\"10\",\"search\":\"\",\"sortBy\":\"date\",\"sortOrder\":\"asc\",\"status\":\"\"}}\u001b[39m","timestamp":"2025-10-09 14:33:40:3340"}
{"level":"\u001b[32minfo\u001b[39m","message":"\u001b[32mAdmin action: view_all_appointments | User ID: 687944145ddc99f659de2717 | Details: {\"query\":{\"page\":\"1\",\"limit\":\"10\",\"search\":\"\",\"sortBy\":\"date\",\"sortOrder\":\"asc\",\"status\":\"\"}}\u001b[39m","timestamp":"2025-10-09 14:33:45:3345"}
{"level":"\u001b[32minfo\u001b[39m","message":"\u001b[32mAdmin action: view_all_appointments | User ID: 687944145ddc99f659de2717 | Details: {\"query\":{\"page\":\"1\",\"limit\":\"10\",\"search\":\"\",\"sortBy\":\"date\",\"sortOrder\":\"asc\",\"status\":\"\"}}\u001b[39m","timestamp":"2025-10-09 14:33:51:3351"}
{"level":"\u001b[32minfo\u001b[39m","message":"\u001b[32mAdmin action: view_all_appointments | User ID: 687944145ddc99f659de2717 | Details: {\"query\":{\"page\":\"1\",\"limit\":\"10\",\"search\":\"\",\"sortBy\":\"date\",\"sortOrder\":\"asc\",\"status\":\"\"}}\u001b[39m","timestamp":"2025-10-09 14:33:56:3356"}
{"level":"\u001b[32minfo\u001b[39m","message":"\u001b[32mAdmin action: view_all_appointments | User ID: 687944145ddc99f659de2717 | Details: {\"query\":{\"page\":\"1\",\"limit\":\"10\",\"search\":\"\",\"sortBy\":\"date\",\"sortOrder\":\"asc\",\"status\":\"\"}}\u001b[39m","timestamp":"2025-10-09 14:34:01:341"}
{"level":"\u001b[32minfo\u001b[39m","message":"\u001b[32mAdmin action: view_all_appointments | User ID: 687944145ddc99f659de2717 | Details: {\"query\":{\"page\":\"1\",\"limit\":\"10\",\"search\":\"\",\"sortBy\":\"date\",\"sortOrder\":\"asc\",\"status\":\"\"}}\u001b[39m","timestamp":"2025-10-09 14:34:06:346"}
{"level":"\u001b[32minfo\u001b[39m","message":"\u001b[32mAdmin action: view_all_appointments | User ID: 687944145ddc99f659de2717 | Details: {\"query\":{\"page\":\"1\",\"limit\":\"10\",\"search\":\"\",\"sortBy\":\"date\",\"sortOrder\":\"asc\",\"status\":\"\"}}\u001b[39m","timestamp":"2025-10-09 14:34:12:3412"}
{"level":"\u001b[32minfo\u001b[39m","message":"\u001b[32mAdmin action: view_all_appointments | User ID: 687944145ddc99f659de2717 | Details: {\"query\":{\"page\":\"1\",\"limit\":\"10\",\"search\":\"\",\"sortBy\":\"date\",\"sortOrder\":\"asc\",\"status\":\"\"}}\u001b[39m","timestamp":"2025-10-09 14:34:17:3417"}
{"level":"\u001b[32minfo\u001b[39m","message":"\u001b[32mAdmin action: view_all_appointments | User ID: 687944145ddc99f659de2717 | Details: {\"query\":{\"page\":\"1\",\"limit\":\"10\",\"search\":\"\",\"sortBy\":\"date\",\"sortOrder\":\"asc\",\"status\":\"\"}}\u001b[39m","timestamp":"2025-10-09 14:34:23:3423"}
{"level":"\u001b[32minfo\u001b[39m","message":"\u001b[32mAdmin action: view_all_appointments | User ID: 687944145ddc99f659de2717 | Details: {\"query\":{\"page\":\"1\",\"limit\":\"10\",\"search\":\"\",\"sortBy\":\"date\",\"sortOrder\":\"asc\",\"status\":\"\"}}\u001b[39m","timestamp":"2025-10-09 14:34:27:3427"}
{"level":"\u001b[32minfo\u001b[39m","message":"\u001b[32mAdmin action: view_all_appointments | User ID: 687944145ddc99f659de2717 | Details: {\"query\":{\"page\":\"1\",\"limit\":\"10\",\"search\":\"\",\"sortBy\":\"date\",\"sortOrder\":\"asc\",\"status\":\"\"}}\u001b[39m","timestamp":"2025-10-09 14:34:30:3430"}
{"level":"\u001b[32minfo\u001b[39m","message":"\u001b[32mAdmin action: view_all_appointments | User ID: 687944145ddc99f659de2717 | Details: {\"query\":{\"page\":\"1\",\"limit\":\"10\",\"search\":\"\",\"sortBy\":\"date\",\"sortOrder\":\"asc\",\"status\":\"\"}}\u001b[39m","timestamp":"2025-10-09 14:34:32:3432"}
{"level":"\u001b[32minfo\u001b[39m","message":"\u001b[32mAdmin action: view_all_appointments | User ID: 687944145ddc99f659de2717 | Details: {\"query\":{\"page\":\"1\",\"limit\":\"10\",\"search\":\"\",\"sortBy\":\"date\",\"sortOrder\":\"asc\",\"status\":\"\"}}\u001b[39m","timestamp":"2025-10-09 14:34:38:3438"}
{"level":"\u001b[32minfo\u001b[39m","message":"\u001b[32mAdmin action: view_all_appointments | User ID: 687944145ddc99f659de2717 | Details: {\"query\":{\"page\":\"1\",\"limit\":\"10\",\"search\":\"\",\"sortBy\":\"date\",\"sortOrder\":\"asc\",\"status\":\"\"}}\u001b[39m","timestamp":"2025-10-09 14:39:38:3938"}
{"level":"\u001b[32minfo\u001b[39m","message":"\u001b[32mAdmin action: view_all_appointments | User ID: 687944145ddc99f659de2717 | Details: {\"query\":{\"page\":\"1\",\"limit\":\"10\",\"search\":\"\",\"sortBy\":\"date\",\"sortOrder\":\"asc\",\"status\":\"\"}}\u001b[39m","timestamp":"2025-10-09 14:39:41:3941"}
{"level":"\u001b[32minfo\u001b[39m","message":"\u001b[32mAdmin action: view_all_appointments | User ID: 687944145ddc99f659de2717 | Details: {\"query\":{\"page\":\"1\",\"limit\":\"10\",\"search\":\"\",\"sortBy\":\"date\",\"sortOrder\":\"asc\",\"status\":\"\"}}\u001b[39m","timestamp":"2025-10-09 14:39:45:3945"}
{"level":"\u001b[32minfo\u001b[39m","message":"\u001b[32mAdmin action: view_all_appointments | User ID: 687944145ddc99f659de2717 | Details: {\"query\":{\"page\":\"1\",\"limit\":\"10\",\"search\":\"\",\"sortBy\":\"date\",\"sortOrder\":\"asc\",\"status\":\"\"}}\u001b[39m","timestamp":"2025-10-09 14:39:54:3954"}
{"level":"\u001b[32minfo\u001b[39m","message":"\u001b[32mAdmin action: view_all_appointments | User ID: 687944145ddc99f659de2717 | Details: {\"query\":{\"page\":\"1\",\"limit\":\"10\",\"search\":\"\",\"sortBy\":\"date\",\"sortOrder\":\"asc\",\"status\":\"\"}}\u001b[39m","timestamp":"2025-10-09 14:39:57:3957"}
{"level":"\u001b[32minfo\u001b[39m","message":"\u001b[32mAdmin action: view_all_appointments | User ID: 687944145ddc99f659de2717 | Details: {\"query\":{\"page\":\"1\",\"limit\":\"10\",\"search\":\"\",\"sortBy\":\"date\",\"sortOrder\":\"asc\",\"status\":\"\"}}\u001b[39m","timestamp":"2025-10-09 14:40:01:401"}
{"level":"\u001b[32minfo\u001b[39m","message":"\u001b[32mAdmin action: view_all_appointments | User ID: 687944145ddc99f659de2717 | Details: {\"query\":{\"page\":\"1\",\"limit\":\"10\",\"search\":\"\",\"sortBy\":\"date\",\"sortOrder\":\"asc\",\"status\":\"\"}}\u001b[39m","timestamp":"2025-10-09 14:40:07:407"}
{"level":"\u001b[32minfo\u001b[39m","message":"\u001b[32mAdmin action: view_all_appointments | User ID: 687944145ddc99f659de2717 | Details: {\"query\":{\"page\":\"1\",\"limit\":\"10\",\"search\":\"\",\"sortBy\":\"date\",\"sortOrder\":\"asc\",\"status\":\"\"}}\u001b[39m","timestamp":"2025-10-09 14:40:14:4014"}
{"level":"\u001b[32minfo\u001b[39m","message":"\u001b[32mAdmin action: view_all_appointments | User ID: 687944145ddc99f659de2717 | Details: {\"query\":{\"page\":\"1\",\"limit\":\"10\",\"search\":\"\",\"sortBy\":\"date\",\"sortOrder\":\"asc\",\"status\":\"\"}}\u001b[39m","timestamp":"2025-10-09 14:40:37:4037"}
{"level":"\u001b[32minfo\u001b[39m","message":"\u001b[32mAdmin action: view_all_appointments | User ID: 687944145ddc99f659de2717 | Details: {\"query\":{\"page\":\"1\",\"limit\":\"10\",\"search\":\"\",\"sortBy\":\"date\",\"sortOrder\":\"asc\",\"status\":\"\"}}\u001b[39m","timestamp":"2025-10-09 14:57:10:5710"}
{"level":"\u001b[32minfo\u001b[39m","message":"\u001b[32mAdmin action: view_all_appointments | User ID: 687944145ddc99f659de2717 | Details: {\"query\":{\"page\":\"1\",\"limit\":\"10\",\"search\":\"\",\"sortBy\":\"date\",\"sortOrder\":\"asc\",\"status\":\"\"}}\u001b[39m","timestamp":"2025-10-09 14:57:12:5712"}
{"level":"\u001b[32minfo\u001b[39m","message":"\u001b[32mAdmin action: view_all_appointments | User ID: 687944145ddc99f659de2717 | Details: {\"query\":{\"page\":\"1\",\"limit\":\"10\",\"search\":\"\",\"sortBy\":\"date\",\"sortOrder\":\"asc\",\"status\":\"\"}}\u001b[39m","timestamp":"2025-10-09 14:57:15:5715"}
{"level":"\u001b[32minfo\u001b[39m","message":"\u001b[32mAdmin action: view_all_appointments | User ID: 687944145ddc99f659de2717 | Details: {\"query\":{\"page\":\"1\",\"limit\":\"10\",\"search\":\"\",\"sortBy\":\"date\",\"sortOrder\":\"asc\",\"status\":\"\"}}\u001b[39m","timestamp":"2025-10-09 14:57:23:5723"}
{"level":"\u001b[32minfo\u001b[39m","message":"\u001b[32mAdmin action: view_all_appointments | User ID: 687944145ddc99f659de2717 | Details: {\"query\":{\"page\":\"1\",\"limit\":\"10\",\"search\":\"\",\"sortBy\":\"date\",\"sortOrder\":\"asc\",\"status\":\"\"}}\u001b[39m","timestamp":"2025-10-09 14:57:30:5730"}
{"level":"\u001b[32minfo\u001b[39m","message":"\u001b[32mAdmin action: view_all_appointments | User ID: 687944145ddc99f659de2717 | Details: {\"query\":{\"page\":\"1\",\"limit\":\"10\",\"search\":\"\",\"sortBy\":\"date\",\"sortOrder\":\"asc\",\"status\":\"\"}}\u001b[39m","timestamp":"2025-10-09 14:57:35:5735"}
{"level":"\u001b[32minfo\u001b[39m","message":"\u001b[32mAdmin action: view_all_appointments | User ID: 687944145ddc99f659de2717 | Details: {\"query\":{\"page\":\"1\",\"limit\":\"10\",\"search\":\"\",\"sortBy\":\"date\",\"sortOrder\":\"asc\",\"status\":\"\"}}\u001b[39m","timestamp":"2025-10-09 14:57:42:5742"}
{"level":"\u001b[32minfo\u001b[39m","message":"\u001b[32mAdmin action: view_all_appointments | User ID: 687944145ddc99f659de2717 | Details: {\"query\":{\"page\":\"1\",\"limit\":\"10\",\"search\":\"\",\"sortBy\":\"date\",\"sortOrder\":\"asc\",\"status\":\"\"}}\u001b[39m","timestamp":"2025-10-09 14:57:46:5746"}
{"level":"\u001b[32minfo\u001b[39m","message":"\u001b[32mAdmin action: view_all_appointments | User ID: 687944145ddc99f659de2717 | Details: {\"query\":{\"page\":\"1\",\"limit\":\"10\",\"search\":\"\",\"sortBy\":\"date\",\"sortOrder\":\"asc\",\"status\":\"\"}}\u001b[39m","timestamp":"2025-10-09 14:57:51:5751"}
{"level":"\u001b[32minfo\u001b[39m","message":"\u001b[32mAdmin action: view_all_appointments | User ID: 687944145ddc99f659de2717 | Details: {\"query\":{\"page\":\"1\",\"limit\":\"10\",\"search\":\"\",\"sortBy\":\"date\",\"sortOrder\":\"asc\",\"status\":\"\"}}\u001b[39m","timestamp":"2025-10-09 14:57:56:5756"}
{"level":"\u001b[32minfo\u001b[39m","message":"\u001b[32mAdmin action: view_all_appointments | User ID: 687944145ddc99f659de2717 | Details: {\"query\":{\"page\":\"1\",\"limit\":\"10\",\"search\":\"\",\"sortBy\":\"date\",\"sortOrder\":\"asc\",\"status\":\"\"}}\u001b[39m","timestamp":"2025-10-09 14:58:01:581"}
{"level":"\u001b[32minfo\u001b[39m","message":"\u001b[32mAdmin action: view_all_appointments | User ID: 687944145ddc99f659de2717 | Details: {\"query\":{\"page\":\"1\",\"limit\":\"10\",\"search\":\"\",\"sortBy\":\"date\",\"sortOrder\":\"asc\",\"status\":\"\"}}\u001b[39m","timestamp":"2025-10-09 14:58:10:5810"}
{"level":"\u001b[32minfo\u001b[39m","message":"\u001b[32mAdmin action: view_all_appointments | User ID: 687944145ddc99f659de2717 | Details: {\"query\":{\"page\":\"1\",\"limit\":\"10\",\"search\":\"\",\"sortBy\":\"date\",\"sortOrder\":\"asc\",\"status\":\"\"}}\u001b[39m","timestamp":"2025-10-09 14:58:14:5814"}
{"level":"\u001b[32minfo\u001b[39m","message":"\u001b[32mAdmin action: view_all_appointments | User ID: 687944145ddc99f659de2717 | Details: {\"query\":{\"page\":\"1\",\"limit\":\"10\",\"search\":\"\",\"sortBy\":\"date\",\"sortOrder\":\"asc\",\"status\":\"\"}}\u001b[39m","timestamp":"2025-10-09 14:58:21:5821"}
{"level":"\u001b[32minfo\u001b[39m","message":"\u001b[32mAdmin action: view_all_appointments | User ID: 687944145ddc99f659de2717 | Details: {\"query\":{\"page\":\"1\",\"limit\":\"10\",\"search\":\"\",\"sortBy\":\"date\",\"sortOrder\":\"asc\",\"status\":\"\"}}\u001b[39m","timestamp":"2025-10-09 14:58:26:5826"}
{"level":"\u001b[32minfo\u001b[39m","message":"\u001b[32mAdmin action: view_all_appointments | User ID: 687944145ddc99f659de2717 | Details: {\"query\":{\"page\":\"1\",\"limit\":\"10\",\"search\":\"\",\"sortBy\":\"date\",\"sortOrder\":\"asc\",\"status\":\"\"}}\u001b[39m","timestamp":"2025-10-09 14:58:31:5831"}
{"level":"\u001b[32minfo\u001b[39m","message":"\u001b[32mAdmin action: view_all_appointments | User ID: 687944145ddc99f659de2717 | Details: {\"query\":{\"page\":\"1\",\"limit\":\"10\",\"search\":\"\",\"sortBy\":\"date\",\"sortOrder\":\"asc\",\"status\":\"\"}}\u001b[39m","timestamp":"2025-10-09 14:58:40:5840"}
{"level":"\u001b[32minfo\u001b[39m","message":"\u001b[32mAdmin action: view_all_appointments | User ID: 687944145ddc99f659de2717 | Details: {\"query\":{\"page\":\"1\",\"limit\":\"10\",\"search\":\"\",\"sortBy\":\"date\",\"sortOrder\":\"asc\",\"status\":\"\"}}\u001b[39m","timestamp":"2025-10-09 14:58:42:5842"}
{"level":"\u001b[32minfo\u001b[39m","message":"\u001b[32mAdmin action: view_all_appointments | User ID: 687944145ddc99f659de2717 | Details: {\"query\":{\"page\":\"1\",\"limit\":\"10\",\"search\":\"\",\"sortBy\":\"date\",\"sortOrder\":\"asc\",\"status\":\"\"}}\u001b[39m","timestamp":"2025-10-09 14:58:50:5850"}
{"level":"\u001b[32minfo\u001b[39m","message":"\u001b[32mAdmin action: view_all_appointments | User ID: 687944145ddc99f659de2717 | Details: {\"query\":{\"page\":\"1\",\"limit\":\"10\",\"search\":\"\",\"sortBy\":\"date\",\"sortOrder\":\"asc\",\"status\":\"\"}}\u001b[39m","timestamp":"2025-10-09 14:58:54:5854"}
{"level":"\u001b[32minfo\u001b[39m","message":"\u001b[32mAdmin action: view_all_appointments | User ID: 687944145ddc99f659de2717 | Details: {\"query\":{\"page\":\"1\",\"limit\":\"10\",\"search\":\"\",\"sortBy\":\"date\",\"sortOrder\":\"asc\",\"status\":\"\"}}\u001b[39m","timestamp":"2025-10-09 14:59:01:591"}
{"level":"\u001b[32minfo\u001b[39m","message":"\u001b[32mAdmin action: view_all_appointments | User ID: 687944145ddc99f659de2717 | Details: {\"query\":{\"page\":\"1\",\"limit\":\"10\",\"search\":\"\",\"sortBy\":\"date\",\"sortOrder\":\"asc\",\"status\":\"\"}}\u001b[39m","timestamp":"2025-10-09 14:59:11:5911"}
{"level":"\u001b[32minfo\u001b[39m","message":"\u001b[32mAdmin action: view_all_appointments | User ID: 687944145ddc99f659de2717 | Details: {\"query\":{\"page\":\"1\",\"limit\":\"10\",\"search\":\"\",\"sortBy\":\"date\",\"sortOrder\":\"desc\",\"status\":\"\"}}\u001b[39m","timestamp":"2025-10-09 14:59:40:5940"}
{"level":"\u001b[32minfo\u001b[39m","message":"\u001b[32mAdmin action: view_all_appointments | User ID: 687944145ddc99f659de2717 | Details: {\"query\":{\"page\":\"1\",\"limit\":\"10\",\"search\":\"\",\"sortBy\":\"time\",\"sortOrder\":\"asc\",\"status\":\"\"}}\u001b[39m","timestamp":"2025-10-09 14:59:41:5941"}
{"level":"\u001b[32minfo\u001b[39m","message":"\u001b[32mAdmin action: view_all_appointments | User ID: 687944145ddc99f659de2717 | Details: {\"query\":{\"page\":\"1\",\"limit\":\"10\",\"search\":\"\",\"sortBy\":\"time\",\"sortOrder\":\"desc\",\"status\":\"\"}}\u001b[39m","timestamp":"2025-10-09 14:59:42:5942"}
{"level":"\u001b[32minfo\u001b[39m","message":"\u001b[32mAdmin action: view_all_appointments | User ID: 687944145ddc99f659de2717 | Details: {\"query\":{\"page\":\"1\",\"limit\":\"10\",\"search\":\"\",\"sortBy\":\"time\",\"sortOrder\":\"asc\",\"status\":\"\"}}\u001b[39m","timestamp":"2025-10-09 14:59:42:5942"}
{"level":"\u001b[32minfo\u001b[39m","message":"\u001b[32mAdmin action: view_all_appointments | User ID: 687944145ddc99f659de2717 | Details: {\"query\":{\"page\":\"1\",\"limit\":\"10\",\"search\":\"\",\"sortBy\":\"clientId\",\"sortOrder\":\"asc\",\"status\":\"\"}}\u001b[39m","timestamp":"2025-10-09 14:59:43:5943"}
{"level":"\u001b[32minfo\u001b[39m","message":"\u001b[32mAdmin action: view_all_appointments | User ID: 687944145ddc99f659de2717 | Details: {\"query\":{\"page\":\"1\",\"limit\":\"10\",\"search\":\"\",\"sortBy\":\"trainerId\",\"sortOrder\":\"asc\",\"status\":\"\"}}\u001b[39m","timestamp":"2025-10-09 14:59:44:5944"}
{"level":"\u001b[32minfo\u001b[39m","message":"\u001b[32mAdmin action: view_all_appointments | User ID: 687944145ddc99f659de2717 | Details: {\"query\":{\"page\":\"1\",\"limit\":\"10\",\"search\":\"\",\"sortBy\":\"date\",\"sortOrder\":\"asc\",\"status\":\"\"}}\u001b[39m","timestamp":"2025-10-09 14:59:59:5959"}
{"level":"\u001b[32minfo\u001b[39m","message":"\u001b[32mAdmin action: view_all_appointments | User ID: 687944145ddc99f659de2717 | Details: {\"query\":{\"page\":\"1\",\"limit\":\"10\",\"search\":\"\",\"sortBy\":\"date\",\"sortOrder\":\"asc\",\"status\":\"\"}}\u001b[39m","timestamp":"2025-10-09 15:00:30:030"}
{"level":"\u001b[32minfo\u001b[39m","message":"\u001b[32mAdmin action: view_all_appointments | User ID: 687944145ddc99f659de2717 | Details: {\"query\":{\"page\":\"1\",\"limit\":\"10\",\"search\":\"\",\"sortBy\":\"date\",\"sortOrder\":\"asc\",\"status\":\"\"}}\u001b[39m","timestamp":"2025-10-09 15:01:00:10"}
{"level":"\u001b[32minfo\u001b[39m","message":"\u001b[32mAdmin action: view_all_appointments | User ID: 687944145ddc99f659de2717 | Details: {\"query\":{\"page\":\"1\",\"limit\":\"10\",\"search\":\"\",\"sortBy\":\"date\",\"sortOrder\":\"asc\",\"status\":\"\"}}\u001b[39m","timestamp":"2025-10-09 15:01:54:154"}
{"level":"\u001b[32minfo\u001b[39m","message":"\u001b[32mAdmin action: view_all_appointments | User ID: 687944145ddc99f659de2717 | Details: {\"query\":{\"page\":\"1\",\"limit\":\"10\",\"search\":\"\",\"sortBy\":\"date\",\"sortOrder\":\"asc\",\"status\":\"\"}}\u001b[39m","timestamp":"2025-10-09 15:02:51:251"}
{"level":"\u001b[32minfo\u001b[39m","message":"\u001b[32mAdmin action: view_all_appointments | User ID: 687944145ddc99f659de2717 | Details: {\"query\":{\"page\":\"1\",\"limit\":\"10\",\"search\":\"\",\"sortBy\":\"trainerId\",\"sortOrder\":\"asc\",\"status\":\"\"}}\u001b[39m","timestamp":"2025-10-09 15:02:53:253"}
{"level":"\u001b[32minfo\u001b[39m","message":"\u001b[32mAdmin action: view_all_appointments | User ID: 687944145ddc99f659de2717 | Details: {\"query\":{\"page\":\"1\",\"limit\":\"10\",\"search\":\"\",\"sortBy\":\"trainerId\",\"sortOrder\":\"desc\",\"status\":\"\"}}\u001b[39m","timestamp":"2025-10-09 15:02:54:254"}
{"level":"\u001b[32minfo\u001b[39m","message":"\u001b[32mAdmin action: view_all_appointments | User ID: 687944145ddc99f659de2717 | Details: {\"query\":{\"page\":\"1\",\"limit\":\"10\",\"search\":\"\",\"sortBy\":\"date\",\"sortOrder\":\"asc\",\"status\":\"\"}}\u001b[39m","timestamp":"2025-10-09 15:03:08:38"}
{"level":"\u001b[32minfo\u001b[39m","message":"\u001b[32mAdmin action: view_all_appointments | User ID: 687944145ddc99f659de2717 | Details: {\"query\":{\"page\":\"1\",\"limit\":\"10\",\"search\":\"\",\"sortBy\":\"date\",\"sortOrder\":\"asc\",\"status\":\"\"}}\u001b[39m","timestamp":"2025-10-12 20:21:32:2132"}
{"level":"\u001b[32minfo\u001b[39m","message":"\u001b[32mAdmin action: view_all_appointments | User ID: 687944145ddc99f659de2717 | Details: {\"query\":{\"page\":\"1\",\"limit\":\"10\",\"search\":\"\",\"sortBy\":\"date\",\"sortOrder\":\"asc\",\"status\":\"\"}}\u001b[39m","timestamp":"2025-10-20 20:27:33:2733"}
{"level":"\u001b[32minfo\u001b[39m","message":"\u001b[32mAdmin action: view_all_appointments | User ID: 687944145ddc99f659de2717 | Details: {\"query\":{\"page\":\"1\",\"limit\":\"10\",\"search\":\"\",\"sortBy\":\"date\",\"sortOrder\":\"asc\",\"status\":\"\"}}\u001b[39m","timestamp":"2025-10-20 20:28:35:2835"}
{"level":"\u001b[32minfo\u001b[39m","message":"\u001b[32mAdmin action: view_all_appointments | User ID: 687944145ddc99f659de2717 | Details: {\"query\":{\"page\":\"1\",\"limit\":\"10\",\"search\":\"\",\"sortBy\":\"date\",\"sortOrder\":\"asc\",\"status\":\"\"}}\u001b[39m","timestamp":"2025-10-20 20:28:51:2851"}
{"level":"\u001b[32minfo\u001b[39m","message":"\u001b[32mAdmin action: view_all_appointments | User ID: 687944145ddc99f659de2717 | Details: {\"query\":{\"page\":\"1\",\"limit\":\"10\",\"search\":\"\",\"sortBy\":\"date\",\"sortOrder\":\"asc\",\"status\":\"\"}}\u001b[39m","timestamp":"2025-10-20 20:29:20:2920"}
{"level":"\u001b[32minfo\u001b[39m","message":"\u001b[32mAdmin action: view_all_appointments | User ID: 687944145ddc99f659de2717 | Details: {\"query\":{\"page\":\"1\",\"limit\":\"10\",\"search\":\"\",\"sortBy\":\"date\",\"sortOrder\":\"asc\",\"status\":\"\"}}\u001b[39m","timestamp":"2025-10-20 20:29:32:2932"}
{"level":"\u001b[32minfo\u001b[39m","message":"\u001b[32mAdmin action: view_all_appointments | User ID: 687944145ddc99f659de2717 | Details: {\"query\":{\"page\":\"1\",\"limit\":\"10\",\"search\":\"\",\"sortBy\":\"date\",\"sortOrder\":\"asc\",\"status\":\"\"}}\u001b[39m","timestamp":"2025-10-20 20:32:00:320"}
{"level":"\u001b[32minfo\u001b[39m","message":"\u001b[32mAdmin action: view_all_appointments | User ID: 687944145ddc99f659de2717 | Details: {\"query\":{\"page\":\"1\",\"limit\":\"10\",\"search\":\"\",\"sortBy\":\"date\",\"sortOrder\":\"asc\",\"status\":\"\"}}\u001b[39m","timestamp":"2025-10-20 20:32:11:3211"}
{"level":"\u001b[32minfo\u001b[39m","message":"\u001b[32mAdmin action: view_all_appointments | User ID: 687944145ddc99f659de2717 | Details: {\"query\":{\"page\":\"1\",\"limit\":\"10\",\"search\":\"\",\"sortBy\":\"date\",\"sortOrder\":\"asc\",\"status\":\"\"}}\u001b[39m","timestamp":"2025-10-20 20:33:05:335"}
{"level":"\u001b[32minfo\u001b[39m","message":"\u001b[32mAdmin action: view_all_appointments | User ID: 687944145ddc99f659de2717 | Details: {\"query\":{\"page\":\"1\",\"limit\":\"10\",\"search\":\"\",\"sortBy\":\"date\",\"sortOrder\":\"asc\",\"status\":\"\"}}\u001b[39m","timestamp":"2025-10-20 20:33:55:3355"}
{"level":"\u001b[32minfo\u001b[39m","message":"\u001b[32mAdmin action: view_all_appointments | User ID: 687944145ddc99f659de2717 | Details: {\"query\":{\"page\":\"1\",\"limit\":\"10\",\"search\":\"\",\"sortBy\":\"date\",\"sortOrder\":\"asc\",\"status\":\"\"}}\u001b[39m","timestamp":"2025-10-20 20:35:58:3558"}
{"level":"\u001b[32minfo\u001b[39m","message":"\u001b[32mAdmin 687944145ddc99f659de2717 retrieved logs\u001b[39m","meta":{"filters":{},"pagination":{"limit":"50","page":"1"},"total":15},"timestamp":"2025-10-20 20:37:57:3757"}
{"level":"\u001b[32minfo\u001b[39m","message":"\u001b[32mAdmin 687944145ddc99f659de2717 retrieved logs\u001b[39m","meta":{"filters":{},"pagination":{"limit":"50","page":"1"},"total":15},"timestamp":"2025-10-20 20:37:59:3759"}
{"level":"\u001b[32minfo\u001b[39m","message":"\u001b[32mAdmin action: view_all_appointments | User ID: 687944145ddc99f659de2717 | Details: {\"query\":{\"page\":\"1\",\"limit\":\"10\",\"search\":\"\",\"sortBy\":\"date\",\"sortOrder\":\"asc\",\"status\":\"\"}}\u001b[39m","timestamp":"2025-10-20 20:37:59:3759"}
{"level":"\u001b[32minfo\u001b[39m","message":"\u001b[32mAdmin 687944145ddc99f659de2717 retrieved logs\u001b[39m","meta":{"filters":{},"pagination":{"limit":"50","page":"1"},"total":15},"timestamp":"2025-10-20 20:38:57:3857"}
{"level":"\u001b[32minfo\u001b[39m","message":"\u001b[32mAdmin action: view_all_appointments | User ID: 687944145ddc99f659de2717 | Details: {\"query\":{\"page\":\"1\",\"limit\":\"10\",\"search\":\"\",\"sortBy\":\"date\",\"sortOrder\":\"asc\",\"status\":\"\"}}\u001b[39m","timestamp":"2025-10-20 20:39:17:3917"}
{"level":"\u001b[32minfo\u001b[39m","message":"\u001b[32mAdmin 687944145ddc99f659de2717 retrieved logs\u001b[39m","meta":{"filters":{},"pagination":{"limit":"50","page":"1"},"total":15},"timestamp":"2025-10-20 20:39:21:3921"}
{"level":"\u001b[32minfo\u001b[39m","message":"\u001b[32mAdmin 687944145ddc99f659de2717 retrieved logs\u001b[39m","meta":{"filters":{},"pagination":{"limit":"50","page":"1"},"total":15},"timestamp":"2025-10-20 20:39:21:3921"}
{"level":"\u001b[32minfo\u001b[39m","message":"\u001b[32mAdmin 687944145ddc99f659de2717 retrieved logs\u001b[39m","meta":{"filters":{},"pagination":{"limit":"50","page":"1"},"total":15},"timestamp":"2025-10-20 20:51:33:5133"}
{"level":"\u001b[32minfo\u001b[39m","message":"\u001b[32mAdmin action: view_all_appointments | User ID: 687944145ddc99f659de2717 | Details: {\"query\":{\"page\":\"1\",\"limit\":\"10\",\"search\":\"\",\"sortBy\":\"date\",\"sortOrder\":\"asc\",\"status\":\"\"}}\u001b[39m","timestamp":"2025-10-20 20:51:34:5134"}
{"level":"\u001b[32minfo\u001b[39m","message":"\u001b[32mAdmin 687944145ddc99f659de2717 retrieved logs\u001b[39m","meta":{"filters":{},"pagination":{"limit":"50","page":"1"},"total":15},"timestamp":"2025-10-20 20:53:21:5321"}
{"level":"\u001b[32minfo\u001b[39m","message":"\u001b[32mAdmin action: view_all_appointments | User ID: 687944145ddc99f659de2717 | Details: {\"query\":{\"page\":\"1\",\"limit\":\"10\",\"search\":\"\",\"sortBy\":\"date\",\"sortOrder\":\"asc\",\"status\":\"\"}}\u001b[39m","timestamp":"2025-10-20 20:53:22:5322"}
{"level":"\u001b[32minfo\u001b[39m","message":"\u001b[32mAdmin 687944145ddc99f659de2717 retrieved logs\u001b[39m","meta":{"filters":{},"pagination":{"limit":"50","page":"1"},"total":15},"timestamp":"2025-10-20 20:57:35:5735"}
{"level":"\u001b[32minfo\u001b[39m","message":"\u001b[32mAdmin action: view_all_appointments | User ID: 687944145ddc99f659de2717 | Details: {\"query\":{\"page\":\"1\",\"limit\":\"10\",\"search\":\"\",\"sortBy\":\"date\",\"sortOrder\":\"asc\",\"status\":\"\"}}\u001b[39m","timestamp":"2025-10-20 20:57:35:5735"}
{"level":"\u001b[32minfo\u001b[39m","message":"\u001b[32mAdmin action: view_all_appointments | User ID: 687944145ddc99f659de2717 | Details: {\"query\":{\"page\":\"1\",\"limit\":\"10\",\"search\":\"\",\"sortBy\":\"date\",\"sortOrder\":\"asc\",\"status\":\"\"}}\u001b[39m","timestamp":"2025-10-20 21:02:17:217"}
{"level":"\u001b[32minfo\u001b[39m","message":"\u001b[32mAdmin 687944145ddc99f659de2717 retrieved logs\u001b[39m","meta":{"filters":{},"pagination":{"limit":"50","page":"1"},"total":15},"timestamp":"2025-10-20 21:02:17:217"}
{"level":"\u001b[32minfo\u001b[39m","message":"\u001b[32mAdmin action: view_all_appointments | User ID: 687944145ddc99f659de2717 | Details: {\"query\":{\"page\":\"1\",\"limit\":\"10\",\"search\":\"\",\"sortBy\":\"date\",\"sortOrder\":\"asc\",\"status\":\"\"}}\u001b[39m","timestamp":"2025-10-20 21:02:23:223"}
{"level":"\u001b[32minfo\u001b[39m","message":"\u001b[32mAdmin 687944145ddc99f659de2717 retrieved logs\u001b[39m","meta":{"filters":{},"pagination":{"limit":"50","page":"1"},"total":15},"timestamp":"2025-10-20 21:02:23:223"}
{"level":"\u001b[32minfo\u001b[39m","message":"\u001b[32mAdmin action: view_all_appointments | User ID: 687944145ddc99f659de2717 | Details: {\"query\":{\"page\":\"1\",\"limit\":\"10\",\"search\":\"\",\"sortBy\":\"date\",\"sortOrder\":\"asc\",\"status\":\"\"}}\u001b[39m","timestamp":"2025-10-20 21:02:31:231"}
{"level":"\u001b[32minfo\u001b[39m","message":"\u001b[32mAdmin 687944145ddc99f659de2717 retrieved logs\u001b[39m","meta":{"filters":{},"pagination":{"limit":"50","page":"1"},"total":15},"timestamp":"2025-10-20 21:02:31:231"}
{"level":"\u001b[32minfo\u001b[39m","message":"\u001b[32mAdmin 687944145ddc99f659de2717 retrieved logs\u001b[39m","meta":{"filters":{},"pagination":{"limit":"50","page":"1"},"total":15},"timestamp":"2025-10-20 21:07:45:745"}
{"level":"\u001b[32minfo\u001b[39m","message":"\u001b[32mAdmin action: view_all_appointments | User ID: 687944145ddc99f659de2717 | Details: {\"query\":{\"page\":\"1\",\"limit\":\"10\",\"search\":\"\",\"sortBy\":\"date\",\"sortOrder\":\"asc\",\"status\":\"\"}}\u001b[39m","timestamp":"2025-10-20 21:07:46:746"}
{"level":"\u001b[32minfo\u001b[39m","message":"\u001b[32mAdmin action: view_all_appointments | User ID: 687944145ddc99f659de2717 | Details: {\"query\":{\"page\":\"1\",\"limit\":\"10\",\"search\":\"\",\"sortBy\":\"date\",\"sortOrder\":\"asc\",\"status\":\"\"}}\u001b[39m","timestamp":"2025-10-20 22:54:19:5419"}
{"level":"\u001b[32minfo\u001b[39m","message":"\u001b[32mAdmin 687944145ddc99f659de2717 retrieved logs\u001b[39m","meta":{"filters":{},"pagination":{"limit":"50","page":"1"},"total":15},"timestamp":"2025-10-20 22:54:19:5419"}
{"level":"\u001b[32minfo\u001b[39m","message":"\u001b[32mAdmin action: view_all_appointments | User ID: 687944145ddc99f659de2717 | Details: {\"query\":{\"page\":\"1\",\"limit\":\"10\",\"search\":\"\",\"sortBy\":\"date\",\"sortOrder\":\"asc\",\"status\":\"\"}}\u001b[39m","timestamp":"2025-10-20 23:09:37:937"}
{"level":"\u001b[32minfo\u001b[39m","message":"\u001b[32mAdmin 687944145ddc99f659de2717 retrieved logs\u001b[39m","meta":{"filters":{},"pagination":{"limit":"50","page":"1"},"total":15},"timestamp":"2025-10-20 23:09:37:937"}
{"level":"\u001b[32minfo\u001b[39m","message":"\u001b[32mAdmin action: view_all_appointments | User ID: 687944145ddc99f659de2717 | Details: {\"query\":{\"page\":\"1\",\"limit\":\"10\",\"search\":\"\",\"sortBy\":\"date\",\"sortOrder\":\"asc\",\"status\":\"\"}}\u001b[39m","timestamp":"2025-10-20 23:25:43:2543"}
{"level":"\u001b[32minfo\u001b[39m","message":"\u001b[32mAdmin 687944145ddc99f659de2717 retrieved logs\u001b[39m","meta":{"filters":{},"pagination":{"limit":"50","page":"1"},"total":15},"timestamp":"2025-10-20 23:25:43:2543"}
{"level":"\u001b[32minfo\u001b[39m","message":"\u001b[32mAdmin action: view_all_appointments | User ID: 687944145ddc99f659de2717 | Details: {\"query\":{\"page\":\"1\",\"limit\":\"10\",\"search\":\"\",\"sortBy\":\"date\",\"sortOrder\":\"asc\",\"status\":\"\"}}\u001b[39m","timestamp":"2025-10-20 23:26:29:2629"}
{"level":"\u001b[32minfo\u001b[39m","message":"\u001b[32mAdmin 687944145ddc99f659de2717 retrieved logs\u001b[39m","meta":{"filters":{},"pagination":{"limit":"50","page":"1"},"total":15},"timestamp":"2025-10-20 23:26:29:2629"}
{"level":"\u001b[32minfo\u001b[39m","message":"\u001b[32mAdmin action: view_all_appointments | User ID: 687944145ddc99f659de2717 | Details: {\"query\":{\"page\":\"1\",\"limit\":\"10\",\"search\":\"\",\"sortBy\":\"date\",\"sortOrder\":\"asc\",\"status\":\"\"}}\u001b[39m","timestamp":"2025-10-20 23:26:53:2653"}
{"level":"\u001b[32minfo\u001b[39m","message":"\u001b[32mAdmin 687944145ddc99f659de2717 retrieved logs\u001b[39m","meta":{"filters":{},"pagination":{"limit":"50","page":"1"},"total":15},"timestamp":"2025-10-20 23:26:53:2653"}
{"level":"\u001b[32minfo\u001b[39m","message":"\u001b[32mAdmin action: view_all_appointments | User ID: 687944145ddc99f659de2717 | Details: {\"query\":{\"page\":\"1\",\"limit\":\"10\",\"search\":\"\",\"sortBy\":\"date\",\"sortOrder\":\"asc\",\"status\":\"\"}}\u001b[39m","timestamp":"2025-10-20 23:26:55:2655"}
{"level":"\u001b[32minfo\u001b[39m","message":"\u001b[32mAdmin 687944145ddc99f659de2717 retrieved logs\u001b[39m","meta":{"filters":{},"pagination":{"limit":"50","page":"1"},"total":15},"timestamp":"2025-10-20 23:26:56:2656"}
{"level":"\u001b[32minfo\u001b[39m","message":"\u001b[32mAdmin action: view_all_appointments | User ID: 687944145ddc99f659de2717 | Details: {\"query\":{\"page\":\"1\",\"limit\":\"10\",\"search\":\"\",\"sortBy\":\"date\",\"sortOrder\":\"asc\",\"status\":\"\"}}\u001b[39m","timestamp":"2025-10-21 00:02:03:23"}
{"level":"\u001b[32minfo\u001b[39m","message":"\u001b[32mAdmin 687944145ddc99f659de2717 retrieved logs\u001b[39m","meta":{"filters":{},"pagination":{"limit":"50","page":"1"},"total":15},"timestamp":"2025-10-21 00:02:03:23"}
{"level":"\u001b[32minfo\u001b[39m","message":"\u001b[32mAdmin action: view_all_appointments | User ID: 687944145ddc99f659de2717 | Details: {\"query\":{\"page\":\"1\",\"limit\":\"10\",\"search\":\"\",\"sortBy\":\"date\",\"sortOrder\":\"asc\",\"status\":\"\"}}\u001b[39m","timestamp":"2025-10-21 00:03:20:320"}
{"level":"\u001b[32minfo\u001b[39m","message":"\u001b[32mAdmin 687944145ddc99f659de2717 retrieved logs\u001b[39m","meta":{"filters":{},"pagination":{"limit":"50","page":"1"},"total":15},"timestamp":"2025-10-21 00:03:20:320"}
{"level":"\u001b[32minfo\u001b[39m","message":"\u001b[32mAdmin action: view_all_appointments | User ID: 687944145ddc99f659de2717 | Details: {\"query\":{\"page\":\"1\",\"limit\":\"10\",\"search\":\"\",\"sortBy\":\"date\",\"sortOrder\":\"asc\",\"status\":\"\"}}\u001b[39m","timestamp":"2025-10-21 00:05:01:51"}
{"level":"\u001b[32minfo\u001b[39m","message":"\u001b[32mAdmin 687944145ddc99f659de2717 retrieved logs\u001b[39m","meta":{"filters":{},"pagination":{"limit":"50","page":"1"},"total":15},"timestamp":"2025-10-21 00:05:02:52"}
{"level":"\u001b[32minfo\u001b[39m","message":"\u001b[32mAdmin action: view_all_appointments | User ID: 687944145ddc99f659de2717 | Details: {\"query\":{\"page\":\"1\",\"limit\":\"10\",\"search\":\"\",\"sortBy\":\"date\",\"sortOrder\":\"asc\",\"status\":\"\"}}\u001b[39m","timestamp":"2025-10-21 00:05:27:527"}
{"level":"\u001b[32minfo\u001b[39m","message":"\u001b[32mAdmin 687944145ddc99f659de2717 retrieved logs\u001b[39m","meta":{"filters":{},"pagination":{"limit":"50","page":"1"},"total":15},"timestamp":"2025-10-21 00:05:27:527"}
{"level":"\u001b[32minfo\u001b[39m","message":"\u001b[32mAdmin action: view_all_appointments | User ID: 687944145ddc99f659de2717 | Details: {\"query\":{\"page\":\"1\",\"limit\":\"10\",\"search\":\"\",\"sortBy\":\"date\",\"sortOrder\":\"asc\",\"status\":\"\"}}\u001b[39m","timestamp":"2025-10-21 00:05:34:534"}
{"level":"\u001b[32minfo\u001b[39m","message":"\u001b[32mAdmin 687944145ddc99f659de2717 retrieved logs\u001b[39m","meta":{"filters":{},"pagination":{"limit":"50","page":"1"},"total":15},"timestamp":"2025-10-21 00:05:34:534"}
{"level":"\u001b[32minfo\u001b[39m","message":"\u001b[32mAdmin action: view_all_appointments | User ID: 687944145ddc99f659de2717 | Details: {\"query\":{\"page\":\"1\",\"limit\":\"10\",\"search\":\"\",\"sortBy\":\"date\",\"sortOrder\":\"asc\",\"status\":\"\"}}\u001b[39m","timestamp":"2025-10-21 00:05:39:539"}
{"level":"\u001b[32minfo\u001b[39m","message":"\u001b[32mAdmin 687944145ddc99f659de2717 retrieved logs\u001b[39m","meta":{"filters":{},"pagination":{"limit":"50","page":"1"},"total":15},"timestamp":"2025-10-21 00:05:39:539"}
{"level":"\u001b[32minfo\u001b[39m","message":"\u001b[32mAdmin action: view_all_appointments | User ID: 687944145ddc99f659de2717 | Details: {\"query\":{\"page\":\"1\",\"limit\":\"10\",\"search\":\"\",\"sortBy\":\"date\",\"sortOrder\":\"asc\",\"status\":\"\"}}\u001b[39m","timestamp":"2025-10-21 00:05:49:549"}
{"level":"\u001b[32minfo\u001b[39m","message":"\u001b[32mAdmin 687944145ddc99f659de2717 retrieved logs\u001b[39m","meta":{"filters":{},"pagination":{"limit":"50","page":"1"},"total":15},"timestamp":"2025-10-21 00:05:49:549"}
{"level":"\u001b[32minfo\u001b[39m","message":"\u001b[32mAdmin action: view_all_appointments | User ID: 687944145ddc99f659de2717 | Details: {\"query\":{\"page\":\"1\",\"limit\":\"10\",\"search\":\"\",\"sortBy\":\"date\",\"sortOrder\":\"asc\",\"status\":\"\"}}\u001b[39m","timestamp":"2025-10-21 00:05:57:557"}
{"level":"\u001b[32minfo\u001b[39m","message":"\u001b[32mAdmin 687944145ddc99f659de2717 retrieved logs\u001b[39m","meta":{"filters":{},"pagination":{"limit":"50","page":"1"},"total":15},"timestamp":"2025-10-21 00:05:57:557"}
{"level":"\u001b[32minfo\u001b[39m","message":"\u001b[32mAdmin action: view_all_appointments | User ID: 687944145ddc99f659de2717 | Details: {\"query\":{\"page\":\"1\",\"limit\":\"10\",\"search\":\"\",\"sortBy\":\"date\",\"sortOrder\":\"asc\",\"status\":\"\"}}\u001b[39m","timestamp":"2025-10-21 00:06:05:65"}
{"level":"\u001b[32minfo\u001b[39m","message":"\u001b[32mAdmin 687944145ddc99f659de2717 retrieved logs\u001b[39m","meta":{"filters":{},"pagination":{"limit":"50","page":"1"},"total":15},"timestamp":"2025-10-21 00:06:05:65"}
{"level":"\u001b[32minfo\u001b[39m","message":"\u001b[32mAdmin action: view_all_appointments | User ID: 687944145ddc99f659de2717 | Details: {\"query\":{\"page\":\"1\",\"limit\":\"10\",\"search\":\"\",\"sortBy\":\"date\",\"sortOrder\":\"asc\",\"status\":\"\"}}\u001b[39m","timestamp":"2025-10-21 00:06:16:616"}
{"level":"\u001b[32minfo\u001b[39m","message":"\u001b[32mAdmin 687944145ddc99f659de2717 retrieved logs\u001b[39m","meta":{"filters":{},"pagination":{"limit":"50","page":"1"},"total":15},"timestamp":"2025-10-21 00:06:16:616"}
{"level":"\u001b[32minfo\u001b[39m","message":"\u001b[32mAdmin action: view_all_appointments | User ID: 687944145ddc99f659de2717 | Details: {\"query\":{\"page\":\"1\",\"limit\":\"10\",\"search\":\"\",\"sortBy\":\"date\",\"sortOrder\":\"asc\",\"status\":\"\"}}\u001b[39m","timestamp":"2025-10-21 00:06:30:630"}
{"level":"\u001b[32minfo\u001b[39m","message":"\u001b[32mAdmin 687944145ddc99f659de2717 retrieved logs\u001b[39m","meta":{"filters":{},"pagination":{"limit":"50","page":"1"},"total":15},"timestamp":"2025-10-21 00:06:31:631"}
{"level":"\u001b[32minfo\u001b[39m","message":"\u001b[32mAdmin action: view_all_appointments | User ID: 687944145ddc99f659de2717 | Details: {\"query\":{\"page\":\"1\",\"limit\":\"10\",\"search\":\"\",\"sortBy\":\"date\",\"sortOrder\":\"asc\",\"status\":\"\"}}\u001b[39m","timestamp":"2025-10-21 00:06:48:648"}
{"level":"\u001b[32minfo\u001b[39m","message":"\u001b[32mAdmin 687944145ddc99f659de2717 retrieved logs\u001b[39m","meta":{"filters":{},"pagination":{"limit":"50","page":"1"},"total":15},"timestamp":"2025-10-21 00:06:49:649"}
{"level":"\u001b[32minfo\u001b[39m","message":"\u001b[32mAdmin action: view_all_appointments | User ID: 68d43968482f62ebeea92474 | Details: {\"query\":{\"page\":\"1\",\"limit\":\"10\",\"search\":\"\",\"sortBy\":\"date\",\"sortOrder\":\"asc\",\"status\":\"\"}}\u001b[39m","timestamp":"2025-10-21 02:25:51:2551"}
{"level":"\u001b[32minfo\u001b[39m","message":"\u001b[32mAdmin 68d43968482f62ebeea92474 retrieved logs\u001b[39m","meta":{"filters":{},"pagination":{"limit":"50","page":"1"},"total":15},"timestamp":"2025-10-21 02:25:51:2551"}
{"level":"\u001b[32minfo\u001b[39m","message":"\u001b[32mAdmin action: view_all_appointments | User ID: 68d43968482f62ebeea92474 | Details: {\"query\":{\"page\":\"1\",\"limit\":\"10\",\"search\":\"\",\"sortBy\":\"date\",\"sortOrder\":\"asc\",\"status\":\"\"}}\u001b[39m","timestamp":"2025-10-21 02:27:24:2724"}
{"level":"\u001b[32minfo\u001b[39m","message":"\u001b[32mAdmin 68d43968482f62ebeea92474 retrieved logs\u001b[39m","meta":{"filters":{},"pagination":{"limit":"50","page":"1"},"total":15},"timestamp":"2025-10-21 02:27:25:2725"}
{"level":"\u001b[32minfo\u001b[39m","message":"\u001b[32mAdmin action: view_all_appointments | User ID: 68d43968482f62ebeea92474 | Details: {\"query\":{\"page\":\"1\",\"limit\":\"10\",\"search\":\"\",\"sortBy\":\"date\",\"sortOrder\":\"asc\",\"status\":\"\"}}\u001b[39m","timestamp":"2025-10-21 02:27:28:2728"}
{"level":"\u001b[32minfo\u001b[39m","message":"\u001b[32mAdmin 68d43968482f62ebeea92474 retrieved logs\u001b[39m","meta":{"filters":{},"pagination":{"limit":"50","page":"1"},"total":15},"timestamp":"2025-10-21 02:27:28:2728"}
{"level":"\u001b[32minfo\u001b[39m","message":"\u001b[32mAdmin action: view_all_appointments | User ID: 68d43968482f62ebeea92474 | Details: {\"query\":{\"page\":\"1\",\"limit\":\"10\",\"search\":\"\",\"sortBy\":\"date\",\"sortOrder\":\"asc\",\"status\":\"\"}}\u001b[39m","timestamp":"2025-10-21 02:32:05:325"}
{"level":"\u001b[32minfo\u001b[39m","message":"\u001b[32mAdmin 68d43968482f62ebeea92474 retrieved logs\u001b[39m","meta":{"filters":{},"pagination":{"limit":"50","page":"1"},"total":15},"timestamp":"2025-10-21 02:32:05:325"}
{"level":"\u001b[32minfo\u001b[39m","message":"\u001b[32mAdmin action: view_all_appointments | User ID: 68d43968482f62ebeea92474 | Details: {\"query\":{\"page\":\"1\",\"limit\":\"10\",\"search\":\"\",\"sortBy\":\"date\",\"sortOrder\":\"asc\",\"status\":\"\"}}\u001b[39m","timestamp":"2025-10-21 02:34:49:3449"}
{"level":"\u001b[32minfo\u001b[39m","message":"\u001b[32mAdmin 68d43968482f62ebeea92474 retrieved logs\u001b[39m","meta":{"filters":{},"pagination":{"limit":"50","page":"1"},"total":15},"timestamp":"2025-10-21 02:34:49:3449"}
{"level":"\u001b[32minfo\u001b[39m","message":"\u001b[32mAdmin action: view_all_appointments | User ID: 68f7477c80c632193d1a378b | Details: {\"query\":{\"page\":\"1\",\"limit\":\"10\",\"search\":\"\",\"sortBy\":\"date\",\"sortOrder\":\"asc\",\"status\":\"\"}}\u001b[39m","timestamp":"2025-10-22 10:03:58:358"}
{"level":"\u001b[32minfo\u001b[39m","message":"\u001b[32mAdmin 68f7477c80c632193d1a378b retrieved logs\u001b[39m","meta":{"filters":{},"pagination":{"limit":"50","page":"1"},"total":15},"timestamp":"2025-10-22 10:03:58:358"}
{"level":"\u001b[32minfo\u001b[39m","message":"\u001b[32mAdmin action: view_all_appointments | User ID: 68f7477c80c632193d1a378b | Details: {\"query\":{\"page\":\"1\",\"limit\":\"10\",\"search\":\"\",\"sortBy\":\"date\",\"sortOrder\":\"asc\",\"status\":\"\"}}\u001b[39m","timestamp":"2025-10-22 10:49:08:498"}
{"level":"\u001b[32minfo\u001b[39m","message":"\u001b[32mAdmin 68f7477c80c632193d1a378b retrieved logs\u001b[39m","meta":{"filters":{},"pagination":{"limit":"50","page":"1"},"total":15},"timestamp":"2025-10-22 10:49:08:498"}
{"level":"\u001b[32minfo\u001b[39m","message":"\u001b[32mAdmin action: view_all_appointments | User ID: 68f7477c80c632193d1a378b | Details: {\"query\":{\"page\":\"1\",\"limit\":\"10\",\"search\":\"\",\"sortBy\":\"date\",\"sortOrder\":\"asc\",\"status\":\"\"}}\u001b[39m","timestamp":"2025-10-22 10:50:33:5033"}
{"level":"\u001b[32minfo\u001b[39m","message":"\u001b[32mAdmin 68f7477c80c632193d1a378b retrieved logs\u001b[39m","meta":{"filters":{},"pagination":{"limit":"50","page":"1"},"total":15},"timestamp":"2025-10-22 10:50:33:5033"}
{"level":"\u001b[32minfo\u001b[39m","message":"\u001b[32mAdmin action: update_appointment | User ID: 68c20a7a9047962105c9ed2a | Details: {\"appointmentId\":\"68f9429ca2894a0d7ce08319\",\"updates\":{\"trainerId\":\"68d43968482f62ebeea92474\",\"date\":\"2025-11-01\",\"time\":\"15:51\",\"notes\":\"\"}}\u001b[39m","timestamp":"2025-10-22 16:05:06:56"}
{"level":"\u001b[32minfo\u001b[39m","message":"\u001b[32mAdmin action: update_appointment | User ID: 68c20a7a9047962105c9ed2a | Details: {\"appointmentId\":\"68f9429ca2894a0d7ce08319\",\"updates\":{\"trainerId\":\"68d43968482f62ebeea92474\",\"date\":\"2025-11-01\",\"time\":\"15:51\",\"notes\":\"\"}}\u001b[39m","timestamp":"2025-10-22 16:05:34:534"}
{"level":"\u001b[32minfo\u001b[39m","message":"\u001b[32mAdmin 68f7477c80c632193d1a378b retrieved logs\u001b[39m","meta":{"filters":{},"pagination":{"limit":"50","page":"1"},"total":15},"timestamp":"2025-10-22 16:13:18:1318"}
{"level":"\u001b[32minfo\u001b[39m","message":"\u001b[32mAdmin action: view_all_appointments | User ID: 68f7477c80c632193d1a378b | Details: {\"query\":{\"page\":\"1\",\"limit\":\"10\",\"search\":\"\",\"sortBy\":\"date\",\"sortOrder\":\"asc\",\"status\":\"\"}}\u001b[39m","timestamp":"2025-10-22 16:13:18:1318"}
{"level":"\u001b[32minfo\u001b[39m","message":"\u001b[32mAdmin action: delete_appointment | User ID: 68f7477c80c632193d1a378b | Details: {\"appointmentId\":\"68f9429ca2894a0d7ce08319\"}\u001b[39m","timestamp":"2025-10-22 16:13:25:1325"}
{"level":"\u001b[32minfo\u001b[39m","message":"\u001b[32mAdmin action: view_all_appointments | User ID: 68f7477c80c632193d1a378b | Details: {\"query\":{\"page\":\"1\",\"limit\":\"10\",\"search\":\"\",\"sortBy\":\"date\",\"sortOrder\":\"asc\",\"status\":\"\"}}\u001b[39m","timestamp":"2025-10-22 16:13:25:1325"}
{"level":"\u001b[32minfo\u001b[39m","message":"\u001b[32mAdmin action: view_all_appointments | User ID: 68f7477c80c632193d1a378b | Details: {\"query\":{\"page\":\"1\",\"limit\":\"10\",\"search\":\"\",\"sortBy\":\"date\",\"sortOrder\":\"asc\",\"status\":\"\"}}\u001b[39m","timestamp":"2025-11-05 10:29:04:294"}
{"level":"\u001b[32minfo\u001b[39m","message":"\u001b[32mAdmin 68f7477c80c632193d1a378b retrieved logs\u001b[39m","meta":{"filters":{},"pagination":{"limit":"50","page":"1"},"total":15},"timestamp":"2025-11-05 10:29:05:295"}
{"level":"\u001b[32minfo\u001b[39m","message":"\u001b[32mAdmin action: view_all_appointments | User ID: 68f7477c80c632193d1a378b | Details: {\"query\":{\"page\":\"1\",\"limit\":\"10\",\"search\":\"\",\"sortBy\":\"date\",\"sortOrder\":\"asc\",\"status\":\"\"}}\u001b[39m","timestamp":"2025-11-05 10:32:12:3212"}
{"level":"\u001b[32minfo\u001b[39m","message":"\u001b[32mAdmin 68f7477c80c632193d1a378b retrieved logs\u001b[39m","meta":{"filters":{},"pagination":{"limit":"50","page":"1"},"total":15},"timestamp":"2025-11-05 10:32:12:3212"}
{"level":"\u001b[32minfo\u001b[39m","message":"\u001b[32mAdmin action: view_all_appointments | User ID: 68f7477c80c632193d1a378b | Details: {\"query\":{\"page\":\"1\",\"limit\":\"10\",\"search\":\"\",\"sortBy\":\"date\",\"sortOrder\":\"asc\",\"status\":\"\"}}\u001b[39m","timestamp":"2025-11-14 02:06:28:628"}
{"level":"\u001b[32minfo\u001b[39m","message":"\u001b[32mAdmin 68f7477c80c632193d1a378b retrieved logs\u001b[39m","meta":{"filters":{},"pagination":{"limit":"50","page":"1"},"total":15},"timestamp":"2025-11-14 02:06:29:629"}
{"level":"\u001b[32minfo\u001b[39m","message":"\u001b[32mAdmin action: view_all_appointments | User ID: 68f7477c80c632193d1a378b | Details: {\"query\":{\"page\":\"1\",\"limit\":\"10\",\"search\":\"\",\"sortBy\":\"date\",\"sortOrder\":\"asc\",\"status\":\"\"}}\u001b[39m","timestamp":"2025-11-17 19:45:58:4558"}
{"level":"\u001b[32minfo\u001b[39m","message":"\u001b[32mAdmin 68f7477c80c632193d1a378b retrieved logs\u001b[39m","meta":{"filters":{},"pagination":{"limit":"50","page":"1"},"total":15},"timestamp":"2025-11-17 19:45:58:4558"}
{"level":"\u001b[32minfo\u001b[39m","message":"\u001b[32mAdmin 68f7477c80c632193d1a378b retrieved logs\u001b[39m","meta":{"filters":{},"pagination":{"limit":"50","page":"1"},"total":15},"timestamp":"2025-11-17 19:46:00:460"}
{"level":"\u001b[32minfo\u001b[39m","message":"\u001b[32mAdmin 68f7477c80c632193d1a378b retrieved logs\u001b[39m","meta":{"filters":{},"pagination":{"limit":"50","page":"1"},"total":15},"timestamp":"2025-11-17 19:46:01:461"}
{"level":"\u001b[32minfo\u001b[39m","message":"\u001b[32mAdmin action: view_all_appointments | User ID: 68f7477c80c632193d1a378b | Details: {\"query\":{\"page\":\"1\",\"limit\":\"10\",\"search\":\"\",\"sortBy\":\"date\",\"sortOrder\":\"asc\",\"status\":\"\"}}\u001b[39m","timestamp":"2025-11-17 19:46:01:461"}
{"level":"\u001b[32minfo\u001b[39m","message":"\u001b[32mAdmin action: view_all_appointments | User ID: 68f7477c80c632193d1a378b | Details: {\"query\":{\"page\":\"1\",\"limit\":\"10\",\"search\":\"\",\"sortBy\":\"date\",\"sortOrder\":\"asc\",\"status\":\"\"}}\u001b[39m","timestamp":"2025-11-17 19:46:05:465"}
{"level":"\u001b[32minfo\u001b[39m","message":"\u001b[32mAdmin 68f7477c80c632193d1a378b retrieved logs\u001b[39m","meta":{"filters":{},"pagination":{"limit":"50","page":"1"},"total":15},"timestamp":"2025-11-17 19:46:05:465"}
{"level":"\u001b[32minfo\u001b[39m","message":"\u001b[32mAdmin action: view_all_appointments | User ID: 68f7477c80c632193d1a378b | Details: {\"query\":{\"page\":\"1\",\"limit\":\"10\",\"search\":\"\",\"sortBy\":\"date\",\"sortOrder\":\"asc\",\"status\":\"\"}}\u001b[39m","timestamp":"2025-11-17 19:48:27:4827"}
{"level":"\u001b[32minfo\u001b[39m","message":"\u001b[32mAdmin 68f7477c80c632193d1a378b retrieved logs\u001b[39m","meta":{"filters":{},"pagination":{"limit":"50","page":"1"},"total":15},"timestamp":"2025-11-17 19:48:28:4828"}
{"level":"\u001b[32minfo\u001b[39m","message":"\u001b[32mAdmin action: view_all_appointments | User ID: 68f7477c80c632193d1a378b | Details: {\"query\":{\"page\":\"1\",\"limit\":\"10\",\"search\":\"\",\"sortBy\":\"date\",\"sortOrder\":\"asc\",\"status\":\"\"}}\u001b[39m","timestamp":"2025-11-17 19:48:44:4844"}
{"level":"\u001b[32minfo\u001b[39m","message":"\u001b[32mAdmin 68f7477c80c632193d1a378b retrieved logs\u001b[39m","meta":{"filters":{},"pagination":{"limit":"50","page":"1"},"total":15},"timestamp":"2025-11-17 19:48:46:4846"}
{"level":"\u001b[32minfo\u001b[39m","message":"\u001b[32mAdmin action: view_all_appointments | User ID: 68f7477c80c632193d1a378b | Details: {\"query\":{\"page\":\"1\",\"limit\":\"10\",\"search\":\"\",\"sortBy\":\"date\",\"sortOrder\":\"asc\",\"status\":\"\"}}\u001b[39m","timestamp":"2025-11-17 19:49:05:495"}
{"level":"\u001b[32minfo\u001b[39m","message":"\u001b[32mAdmin 68f7477c80c632193d1a378b retrieved logs\u001b[39m","meta":{"filters":{},"pagination":{"limit":"50","page":"1"},"total":15},"timestamp":"2025-11-17 19:49:06:496"}
{"level":"\u001b[32minfo\u001b[39m","message":"\u001b[32mAdmin action: view_all_appointments | User ID: 68f7477c80c632193d1a378b | Details: {\"query\":{\"page\":\"1\",\"limit\":\"10\",\"search\":\"\",\"sortBy\":\"date\",\"sortOrder\":\"asc\",\"status\":\"\"}}\u001b[39m","timestamp":"2025-11-17 19:49:16:4916"}
{"level":"\u001b[32minfo\u001b[39m","message":"\u001b[32mAdmin 68f7477c80c632193d1a378b retrieved logs\u001b[39m","meta":{"filters":{},"pagination":{"limit":"50","page":"1"},"total":15},"timestamp":"2025-11-17 19:49:22:4922"}
{"level":"\u001b[32minfo\u001b[39m","message":"\u001b[32mAdmin action: view_all_appointments | User ID: 68f7477c80c632193d1a378b | Details: {\"query\":{\"page\":\"1\",\"limit\":\"10\",\"search\":\"\",\"sortBy\":\"date\",\"sortOrder\":\"asc\",\"status\":\"\"}}\u001b[39m","timestamp":"2025-11-17 19:49:22:4922"}
{"level":"\u001b[32minfo\u001b[39m","message":"\u001b[32mAdmin action: view_all_appointments | User ID: 68f7477c80c632193d1a378b | Details: {\"query\":{\"page\":\"1\",\"limit\":\"10\",\"search\":\"\",\"sortBy\":\"date\",\"sortOrder\":\"asc\",\"status\":\"\"}}\u001b[39m","timestamp":"2025-11-17 19:49:40:4940"}
{"level":"\u001b[32minfo\u001b[39m","message":"\u001b[32mAdmin 68f7477c80c632193d1a378b retrieved logs\u001b[39m","meta":{"filters":{},"pagination":{"limit":"50","page":"1"},"total":15},"timestamp":"2025-11-17 19:49:40:4940"}
{"level":"\u001b[32minfo\u001b[39m","message":"\u001b[32mAdmin action: view_all_appointments | User ID: 68f7477c80c632193d1a378b | Details: {\"query\":{\"page\":\"1\",\"limit\":\"10\",\"search\":\"\",\"sortBy\":\"date\",\"sortOrder\":\"asc\",\"status\":\"\"}}\u001b[39m","timestamp":"2025-11-17 19:50:50:5050"}
{"level":"\u001b[32minfo\u001b[39m","message":"\u001b[32mAdmin 68f7477c80c632193d1a378b retrieved logs\u001b[39m","meta":{"filters":{},"pagination":{"limit":"50","page":"1"},"total":15},"timestamp":"2025-11-17 19:50:51:5051"}
{"level":"\u001b[32minfo\u001b[39m","message":"\u001b[32mAdmin action: view_all_appointments | User ID: 68f7477c80c632193d1a378b | Details: {\"query\":{\"page\":\"1\",\"limit\":\"10\",\"search\":\"\",\"sortBy\":\"date\",\"sortOrder\":\"asc\",\"status\":\"\"}}\u001b[39m","timestamp":"2025-11-17 19:50:58:5058"}
{"level":"\u001b[32minfo\u001b[39m","message":"\u001b[32mAdmin 68f7477c80c632193d1a378b retrieved logs\u001b[39m","meta":{"filters":{},"pagination":{"limit":"50","page":"1"},"total":15},"timestamp":"2025-11-17 19:50:58:5058"}
{"level":"\u001b[32minfo\u001b[39m","message":"\u001b[32mAdmin action: view_all_appointments | User ID: 68f7477c80c632193d1a378b | Details: {\"query\":{\"page\":\"1\",\"limit\":\"10\",\"search\":\"\",\"sortBy\":\"date\",\"sortOrder\":\"asc\",\"status\":\"\"}}\u001b[39m","timestamp":"2025-11-17 19:52:06:526"}
{"level":"\u001b[32minfo\u001b[39m","message":"\u001b[32mAdmin 68f7477c80c632193d1a378b retrieved logs\u001b[39m","meta":{"filters":{},"pagination":{"limit":"50","page":"1"},"total":15},"timestamp":"2025-11-17 19:52:06:526"}
{"level":"\u001b[32minfo\u001b[39m","message":"\u001b[32mAdmin action: view_all_appointments | User ID: 68f7477c80c632193d1a378b | Details: {\"query\":{\"page\":\"1\",\"limit\":\"10\",\"search\":\"\",\"sortBy\":\"date\",\"sortOrder\":\"asc\",\"status\":\"\"}}\u001b[39m","timestamp":"2025-11-17 19:53:18:5318"}
{"level":"\u001b[32minfo\u001b[39m","message":"\u001b[32mAdmin 68f7477c80c632193d1a378b retrieved logs\u001b[39m","meta":{"filters":{},"pagination":{"limit":"50","page":"1"},"total":15},"timestamp":"2025-11-17 19:53:19:5319"}
{"level":"\u001b[32minfo\u001b[39m","message":"\u001b[32mAdmin action: view_all_appointments | User ID: 68f7477c80c632193d1a378b | Details: {\"query\":{\"page\":\"1\",\"limit\":\"10\",\"search\":\"\",\"sortBy\":\"date\",\"sortOrder\":\"asc\",\"status\":\"\"}}\u001b[39m","timestamp":"2025-11-17 19:54:39:5439"}
{"level":"\u001b[32minfo\u001b[39m","message":"\u001b[32mAdmin 68f7477c80c632193d1a378b retrieved logs\u001b[39m","meta":{"filters":{},"pagination":{"limit":"50","page":"1"},"total":15},"timestamp":"2025-11-17 19:54:39:5439"}
{"level":"\u001b[32minfo\u001b[39m","message":"\u001b[32mAdmin action: view_all_appointments | User ID: 68f7477c80c632193d1a378b | Details: {\"query\":{\"page\":\"1\",\"limit\":\"10\",\"search\":\"\",\"sortBy\":\"date\",\"sortOrder\":\"asc\",\"status\":\"\"}}\u001b[39m","timestamp":"2025-11-17 19:54:46:5446"}
{"level":"\u001b[32minfo\u001b[39m","message":"\u001b[32mAdmin 68f7477c80c632193d1a378b retrieved logs\u001b[39m","meta":{"filters":{},"pagination":{"limit":"50","page":"1"},"total":15},"timestamp":"2025-11-17 19:54:47:5447"}
{"level":"\u001b[32minfo\u001b[39m","message":"\u001b[32mAdmin 68f7477c80c632193d1a378b retrieved logs\u001b[39m","meta":{"filters":{},"pagination":{"limit":"50","page":"1"},"total":15},"timestamp":"2025-11-17 19:55:04:554"}
{"level":"\u001b[32minfo\u001b[39m","message":"\u001b[32mAdmin action: view_all_appointments | User ID: 68f7477c80c632193d1a378b | Details: {\"query\":{\"page\":\"1\",\"limit\":\"10\",\"search\":\"\",\"sortBy\":\"date\",\"sortOrder\":\"asc\",\"status\":\"\"}}\u001b[39m","timestamp":"2025-11-17 19:55:05:555"}
{"level":"\u001b[31merror\u001b[39m","message":"\u001b[31mError retrieving logs\u001b[39m","meta":{"error":"Operation `logs.find()` buffering timed out after 10000ms","stack":"MongooseError: Operation `logs.find()` buffering timed out after 10000ms\n    at Timeout.<anonymous> (C:\\Users\\josia\\jefitness\\node_modules\\mongoose\\lib\\drivers\\node-mongodb-native\\collection.js:187:23)\n    at listOnTimeout (node:internal/timers:588:17)\n    at process.processTimers (node:internal/timers:523:7)"},"timestamp":"2025-11-17 19:55:17:5517"}
{"level":"\u001b[31merror\u001b[39m","message":"\u001b[31mError retrieving log statistics\u001b[39m","meta":{"error":"Operation `logs.aggregate()` buffering timed out after 10000ms","stack":"MongooseError: Operation `logs.aggregate()` buffering timed out after 10000ms\n    at Timeout.<anonymous> (C:\\Users\\josia\\jefitness\\node_modules\\mongoose\\lib\\drivers\\node-mongodb-native\\collection.js:187:23)\n    at listOnTimeout (node:internal/timers:588:17)\n    at process.processTimers (node:internal/timers:523:7)"},"timestamp":"2025-11-17 19:55:17:5517"}
{"level":"\u001b[32minfo\u001b[39m","message":"\u001b[32mAdmin action: view_all_appointments | User ID: 68f7477c80c632193d1a378b | Details: {\"query\":{\"page\":\"1\",\"limit\":\"10\",\"search\":\"\",\"sortBy\":\"date\",\"sortOrder\":\"asc\",\"status\":\"\"}}\u001b[39m","timestamp":"2025-11-17 19:55:32:5532"}
{"level":"\u001b[32minfo\u001b[39m","message":"\u001b[32mAdmin 68f7477c80c632193d1a378b retrieved logs\u001b[39m","meta":{"filters":{},"pagination":{"limit":"50","page":"1"},"total":15},"timestamp":"2025-11-17 19:55:33:5533"}
{"level":"\u001b[32minfo\u001b[39m","message":"\u001b[32mAdmin action: view_all_appointments | User ID: 68f7477c80c632193d1a378b | Details: {\"query\":{\"page\":\"1\",\"limit\":\"10\",\"search\":\"\",\"sortBy\":\"date\",\"sortOrder\":\"asc\",\"status\":\"\"}}\u001b[39m","timestamp":"2025-11-17 19:57:11:5711"}
{"level":"\u001b[32minfo\u001b[39m","message":"\u001b[32mAdmin 68f7477c80c632193d1a378b retrieved logs\u001b[39m","meta":{"filters":{},"pagination":{"limit":"50","page":"1"},"total":15},"timestamp":"2025-11-17 19:57:11:5711"}
{"level":"\u001b[32minfo\u001b[39m","message":"\u001b[32mAdmin 68f7477c80c632193d1a378b retrieved logs\u001b[39m","meta":{"filters":{},"pagination":{"limit":"50","page":"1"},"total":15},"timestamp":"2025-11-17 19:57:20:5720"}
{"level":"\u001b[32minfo\u001b[39m","message":"\u001b[32mAdmin action: view_all_appointments | User ID: 68f7477c80c632193d1a378b | Details: {\"query\":{\"page\":\"1\",\"limit\":\"10\",\"search\":\"\",\"sortBy\":\"date\",\"sortOrder\":\"asc\",\"status\":\"\"}}\u001b[39m","timestamp":"2025-11-17 19:57:21:5721"}
{"level":"\u001b[32minfo\u001b[39m","message":"\u001b[32mAdmin action: view_all_appointments | User ID: 68f7477c80c632193d1a378b | Details: {\"query\":{\"page\":\"1\",\"limit\":\"10\",\"search\":\"\",\"sortBy\":\"date\",\"sortOrder\":\"asc\",\"status\":\"\"}}\u001b[39m","timestamp":"2025-11-17 20:00:56:056"}
{"level":"\u001b[32minfo\u001b[39m","message":"\u001b[32mAdmin 68f7477c80c632193d1a378b retrieved logs\u001b[39m","meta":{"filters":{},"pagination":{"limit":"50","page":"1"},"total":15},"timestamp":"2025-11-17 20:00:56:056"}
{"level":"\u001b[32minfo\u001b[39m","message":"\u001b[32mAdmin action: view_all_appointments | User ID: 68f7477c80c632193d1a378b | Details: {\"query\":{\"page\":\"1\",\"limit\":\"10\",\"search\":\"\",\"sortBy\":\"date\",\"sortOrder\":\"asc\",\"status\":\"\"}}\u001b[39m","timestamp":"2025-11-17 20:01:02:12"}
{"level":"\u001b[32minfo\u001b[39m","message":"\u001b[32mAdmin 68f7477c80c632193d1a378b retrieved logs\u001b[39m","meta":{"filters":{},"pagination":{"limit":"50","page":"1"},"total":15},"timestamp":"2025-11-17 20:01:03:13"}
{"level":"\u001b[32minfo\u001b[39m","message":"\u001b[32mAdmin action: view_all_appointments | User ID: 68f7477c80c632193d1a378b | Details: {\"query\":{\"page\":\"1\",\"limit\":\"10\",\"search\":\"\",\"sortBy\":\"date\",\"sortOrder\":\"asc\",\"status\":\"\"}}\u001b[39m","timestamp":"2025-11-17 20:03:41:341"}
{"level":"\u001b[32minfo\u001b[39m","message":"\u001b[32mAdmin 68f7477c80c632193d1a378b retrieved logs\u001b[39m","meta":{"filters":{},"pagination":{"limit":"50","page":"1"},"total":15},"timestamp":"2025-11-17 20:03:46:346"}
{"level":"\u001b[32minfo\u001b[39m","message":"\u001b[32mAdmin action: view_all_appointments | User ID: 68f7477c80c632193d1a378b | Details: {\"query\":{\"page\":\"1\",\"limit\":\"10\",\"search\":\"\",\"sortBy\":\"date\",\"sortOrder\":\"asc\",\"status\":\"\"}}\u001b[39m","timestamp":"2025-11-17 20:05:01:51"}
{"level":"\u001b[32minfo\u001b[39m","message":"\u001b[32mAdmin 68f7477c80c632193d1a378b retrieved logs\u001b[39m","meta":{"filters":{},"pagination":{"limit":"50","page":"1"},"total":15},"timestamp":"2025-11-17 20:05:02:52"}
{"level":"\u001b[32minfo\u001b[39m","message":"\u001b[32mAdmin action: view_all_appointments | User ID: 68f7477c80c632193d1a378b | Details: {\"query\":{\"page\":\"1\",\"limit\":\"10\",\"search\":\"\",\"sortBy\":\"date\",\"sortOrder\":\"asc\",\"status\":\"\"}}\u001b[39m","timestamp":"2025-11-17 20:05:46:546"}
{"level":"\u001b[32minfo\u001b[39m","message":"\u001b[32mAdmin 68f7477c80c632193d1a378b retrieved logs\u001b[39m","meta":{"filters":{},"pagination":{"limit":"50","page":"1"},"total":15},"timestamp":"2025-11-17 20:05:46:546"}
{"level":"\u001b[32minfo\u001b[39m","message":"\u001b[32mAdmin action: view_all_appointments | User ID: 68f7477c80c632193d1a378b | Details: {\"query\":{\"page\":\"1\",\"limit\":\"10\",\"search\":\"\",\"sortBy\":\"date\",\"sortOrder\":\"asc\",\"status\":\"\"}}\u001b[39m","timestamp":"2025-11-17 20:20:25:2025"}
{"level":"\u001b[32minfo\u001b[39m","message":"\u001b[32mAdmin 68f7477c80c632193d1a378b retrieved logs\u001b[39m","meta":{"filters":{},"pagination":{"limit":"50","page":"1"},"total":15},"timestamp":"2025-11-17 20:20:26:2026"}
{"level":"\u001b[32minfo\u001b[39m","message":"\u001b[32mAdmin action: view_all_appointments | User ID: 68f7477c80c632193d1a378b | Details: {\"query\":{\"page\":\"1\",\"limit\":\"10\",\"search\":\"\",\"sortBy\":\"date\",\"sortOrder\":\"asc\",\"status\":\"\"}}\u001b[39m","timestamp":"2025-11-17 20:20:38:2038"}
{"level":"\u001b[32minfo\u001b[39m","message":"\u001b[32mAdmin 68f7477c80c632193d1a378b retrieved logs\u001b[39m","meta":{"filters":{},"pagination":{"limit":"50","page":"1"},"total":15},"timestamp":"2025-11-17 20:20:38:2038"}
{"level":"\u001b[32minfo\u001b[39m","message":"\u001b[32mAdmin action: view_all_appointments | User ID: 68f7477c80c632193d1a378b | Details: {\"query\":{\"page\":\"1\",\"limit\":\"10\",\"search\":\"\",\"sortBy\":\"date\",\"sortOrder\":\"asc\",\"status\":\"\"}}\u001b[39m","timestamp":"2025-11-17 20:21:00:210"}
{"level":"\u001b[32minfo\u001b[39m","message":"\u001b[32mAdmin 68f7477c80c632193d1a378b retrieved logs\u001b[39m","meta":{"filters":{},"pagination":{"limit":"50","page":"1"},"total":15},"timestamp":"2025-11-17 20:21:01:211"}
{"level":"\u001b[32minfo\u001b[39m","message":"\u001b[32mAdmin 68f7477c80c632193d1a378b retrieved logs\u001b[39m","meta":{"filters":{},"pagination":{"limit":"50","page":"1"},"total":15},"timestamp":"2025-11-17 20:28:21:2821"}
{"level":"\u001b[32minfo\u001b[39m","message":"\u001b[32mAdmin action: view_all_appointments | User ID: 68f7477c80c632193d1a378b | Details: {\"query\":{\"page\":\"1\",\"limit\":\"10\",\"search\":\"\",\"sortBy\":\"date\",\"sortOrder\":\"asc\",\"status\":\"\"}}\u001b[39m","timestamp":"2025-11-17 20:28:21:2821"}
{"level":"\u001b[32minfo\u001b[39m","message":"\u001b[32mAdmin action: view_all_appointments | User ID: 68f7477c80c632193d1a378b | Details: {\"query\":{\"page\":\"1\",\"limit\":\"10\",\"search\":\"\",\"sortBy\":\"date\",\"sortOrder\":\"asc\",\"status\":\"\"}}\u001b[39m","timestamp":"2025-11-17 20:28:35:2835"}
{"level":"\u001b[32minfo\u001b[39m","message":"\u001b[32mAdmin 68f7477c80c632193d1a378b retrieved logs\u001b[39m","meta":{"filters":{},"pagination":{"limit":"50","page":"1"},"total":15},"timestamp":"2025-11-17 20:28:38:2838"}
{"level":"\u001b[32minfo\u001b[39m","message":"\u001b[32mAdmin action: view_all_appointments | User ID: 68f7477c80c632193d1a378b | Details: {\"query\":{\"page\":\"1\",\"limit\":\"10\",\"search\":\"\",\"sortBy\":\"date\",\"sortOrder\":\"asc\",\"status\":\"\"}}\u001b[39m","timestamp":"2025-11-17 20:29:25:2925"}
{"level":"\u001b[32minfo\u001b[39m","message":"\u001b[32mAdmin 68f7477c80c632193d1a378b retrieved logs\u001b[39m","meta":{"filters":{},"pagination":{"limit":"50","page":"1"},"total":15},"timestamp":"2025-11-17 20:29:25:2925"}
{"level":"\u001b[32minfo\u001b[39m","message":"\u001b[32mAdmin action: view_all_appointments | User ID: 68f7477c80c632193d1a378b | Details: {\"query\":{\"page\":\"1\",\"limit\":\"10\",\"search\":\"\",\"sortBy\":\"date\",\"sortOrder\":\"asc\",\"status\":\"\"}}\u001b[39m","timestamp":"2025-11-17 20:29:34:2934"}
{"level":"\u001b[32minfo\u001b[39m","message":"\u001b[32mAdmin 68f7477c80c632193d1a378b retrieved logs\u001b[39m","meta":{"filters":{},"pagination":{"limit":"50","page":"1"},"total":15},"timestamp":"2025-11-17 20:29:34:2934"}
{"level":"\u001b[32minfo\u001b[39m","message":"\u001b[32mAdmin action: view_all_appointments | User ID: 68f7477c80c632193d1a378b | Details: {\"query\":{\"page\":\"1\",\"limit\":\"10\",\"search\":\"\",\"sortBy\":\"date\",\"sortOrder\":\"asc\",\"status\":\"\"}}\u001b[39m","timestamp":"2025-11-17 20:29:38:2938"}
{"level":"\u001b[32minfo\u001b[39m","message":"\u001b[32mAdmin 68f7477c80c632193d1a378b retrieved logs\u001b[39m","meta":{"filters":{},"pagination":{"limit":"50","page":"1"},"total":15},"timestamp":"2025-11-17 20:29:39:2939"}
{"level":"\u001b[32minfo\u001b[39m","message":"\u001b[32mAdmin action: view_all_appointments | User ID: 68f7477c80c632193d1a378b | Details: {\"query\":{\"page\":\"1\",\"limit\":\"10\",\"search\":\"\",\"sortBy\":\"date\",\"sortOrder\":\"asc\",\"status\":\"\"}}\u001b[39m","timestamp":"2025-11-17 20:29:44:2944"}
{"level":"\u001b[32minfo\u001b[39m","message":"\u001b[32mAdmin 68f7477c80c632193d1a378b retrieved logs\u001b[39m","meta":{"filters":{},"pagination":{"limit":"50","page":"1"},"total":15},"timestamp":"2025-11-17 20:29:45:2945"}
{"level":"\u001b[32minfo\u001b[39m","message":"\u001b[32mAdmin action: view_all_appointments | User ID: 68f7477c80c632193d1a378b | Details: {\"query\":{\"page\":\"1\",\"limit\":\"10\",\"search\":\"\",\"sortBy\":\"date\",\"sortOrder\":\"asc\",\"status\":\"\"}}\u001b[39m","timestamp":"2025-11-17 20:30:01:301"}
{"level":"\u001b[32minfo\u001b[39m","message":"\u001b[32mAdmin 68f7477c80c632193d1a378b retrieved logs\u001b[39m","meta":{"filters":{},"pagination":{"limit":"50","page":"1"},"total":15},"timestamp":"2025-11-17 20:30:01:301"}
{"level":"\u001b[32minfo\u001b[39m","message":"\u001b[32mAdmin action: view_all_appointments | User ID: 68f7477c80c632193d1a378b | Details: {\"query\":{\"page\":\"1\",\"limit\":\"10\",\"search\":\"\",\"sortBy\":\"date\",\"sortOrder\":\"asc\",\"status\":\"\"}}\u001b[39m","timestamp":"2025-11-17 20:36:52:3652"}
{"level":"\u001b[32minfo\u001b[39m","message":"\u001b[32mAdmin 68f7477c80c632193d1a378b retrieved logs\u001b[39m","meta":{"filters":{},"pagination":{"limit":"50","page":"1"},"total":15},"timestamp":"2025-11-17 20:36:53:3653"}
