{"level":"\u001b[32minfo\u001b[39m","message":"\u001b[32mServer started on port 10000\u001b[39m","timestamp":"2025-09-22 20:12:41:1241"}
{"level":"\u001b[32minfo\u001b[39m","message":"\u001b[32mMongoDB Connected successfully\u001b[39m","timestamp":"2025-09-22 20:12:43:1243"}
{"level":"\u001b[32minfo\u001b[39m","message":"\u001b[32mServer started on port 10000\u001b[39m","timestamp":"2025-09-22 22:46:05:465"}
{"level":"\u001b[32minfo\u001b[39m","message":"\u001b[32mServer started on port 10000\u001b[39m","timestamp":"2025-09-22 22:46:45:4645"}
{"level":"\u001b[32minfo\u001b[39m","message":"\u001b[32mMongoDB Connected successfully\u001b[39m","timestamp":"2025-09-22 22:46:46:4646"}
<<<<<<< HEAD
{"level":"\u001b[32minfo\u001b[39m","message":"\u001b[32mServer started on port 10000\u001b[39m","timestamp":"2025-09-22 22:55:23:5523"}
{"level":"\u001b[32minfo\u001b[39m","message":"\u001b[32mMongoDB Connected successfully\u001b[39m","timestamp":"2025-09-22 22:55:24:5524"}
{"level":"\u001b[32minfo\u001b[39m","message":"\u001b[32mServer started on port 10000\u001b[39m","timestamp":"2025-09-22 22:56:24:5624"}
{"level":"\u001b[32minfo\u001b[39m","message":"\u001b[32mMongoDB Connected successfully\u001b[39m","timestamp":"2025-09-22 22:56:25:5625"}
{"level":"\u001b[32minfo\u001b[39m","message":"\u001b[32mServer started on port 10000\u001b[39m","timestamp":"2025-09-22 22:57:04:574"}
{"level":"\u001b[32minfo\u001b[39m","message":"\u001b[32mMongoDB Connected successfully\u001b[39m","timestamp":"2025-09-22 22:57:05:575"}
{"level":"\u001b[32minfo\u001b[39m","message":"\u001b[32mServer started on port 10000\u001b[39m","timestamp":"2025-09-22 23:02:57:257"}
{"level":"\u001b[32minfo\u001b[39m","message":"\u001b[32mMongoDB Connected successfully\u001b[39m","timestamp":"2025-09-22 23:02:59:259"}
{"level":"\u001b[32minfo\u001b[39m","message":"\u001b[32mServer started on port 10000\u001b[39m","timestamp":"2025-09-23 09:28:52:2852"}
{"level":"\u001b[32minfo\u001b[39m","message":"\u001b[32mMongoDB Connected successfully\u001b[39m","timestamp":"2025-09-23 09:28:58:2858"}
{"level":"\u001b[32minfo\u001b[39m","message":"\u001b[32mServer started on port 10000\u001b[39m","timestamp":"2025-09-23 14:53:07:537"}
{"level":"\u001b[32minfo\u001b[39m","message":"\u001b[32mMongoDB Connected successfully\u001b[39m","timestamp":"2025-09-23 14:53:07:537"}
{"level":"\u001b[32minfo\u001b[39m","message":"\u001b[32mServer started on port 10000\u001b[39m","timestamp":"2025-09-23 14:55:48:5548"}
{"level":"\u001b[32minfo\u001b[39m","message":"\u001b[32mServer started on port 10000\u001b[39m","timestamp":"2025-09-23 14:55:58:5558"}
{"level":"\u001b[32minfo\u001b[39m","message":"\u001b[32mMongoDB Connected successfully\u001b[39m","timestamp":"2025-09-23 14:56:19:5619"}
{"level":"\u001b[32minfo\u001b[39m","message":"\u001b[32mServer started on port 10000\u001b[39m","timestamp":"2025-09-23 14:56:24:5624"}
{"level":"\u001b[32minfo\u001b[39m","message":"\u001b[32mMongoDB Connected successfully\u001b[39m","timestamp":"2025-09-23 14:56:39:5639"}
{"level":"\u001b[32minfo\u001b[39m","message":"\u001b[32mServer started on port 10000\u001b[39m","timestamp":"2025-09-23 14:56:42:5642"}
{"level":"\u001b[32minfo\u001b[39m","message":"\u001b[32mMongoDB Connected successfully\u001b[39m","timestamp":"2025-09-23 14:57:03:573"}
{"level":"\u001b[32minfo\u001b[39m","message":"\u001b[32mServer started on port 10000\u001b[39m","timestamp":"2025-09-23 14:57:09:579"}
{"level":"\u001b[32minfo\u001b[39m","message":"\u001b[32mMongoDB Connected successfully\u001b[39m","timestamp":"2025-09-23 14:57:16:5716"}
{"level":"\u001b[32minfo\u001b[39m","message":"\u001b[32mServer started on port 10000\u001b[39m","timestamp":"2025-09-23 14:59:22:5922"}
{"level":"\u001b[32minfo\u001b[39m","message":"\u001b[32mMongoDB Connected successfully\u001b[39m","timestamp":"2025-09-23 14:59:31:5931"}
{"level":"\u001b[32minfo\u001b[39m","message":"\u001b[32mServer started on port 10000\u001b[39m","timestamp":"2025-09-23 15:03:33:333"}
{"level":"\u001b[32minfo\u001b[39m","message":"\u001b[32mMongoDB Connected successfully\u001b[39m","timestamp":"2025-09-23 15:03:34:334"}
=======
>>>>>>> parent of fe76ec3 (`Remove Admin Dashboard Logs Implementation`)
{"level":"\u001b[32minfo\u001b[39m","message":"\u001b[32mServer started on port 10000\u001b[39m","timestamp":"2025-09-23 20:10:09:109"}
{"level":"\u001b[32minfo\u001b[39m","message":"\u001b[32mMongoDB Connected successfully\u001b[39m","timestamp":"2025-09-23 20:10:17:1017"}
{"level":"\u001b[32minfo\u001b[39m","message":"\u001b[32mServer started on port 10000\u001b[39m","timestamp":"2025-09-24 09:53:32:5332"}
{"level":"\u001b[32minfo\u001b[39m","message":"\u001b[32mMongoDB Connected successfully\u001b[39m","timestamp":"2025-09-24 09:53:33:5333"}
{"level":"\u001b[32minfo\u001b[39m","message":"\u001b[32mServer started on port 10000\u001b[39m","timestamp":"2025-09-24 10:00:15:015"}
{"level":"\u001b[32minfo\u001b[39m","message":"\u001b[32mServer started on port 10000\u001b[39m","timestamp":"2025-09-24 10:00:29:029"}
{"level":"\u001b[32minfo\u001b[39m","message":"\u001b[32mMongoDB Connected successfully\u001b[39m","timestamp":"2025-09-24 10:00:36:036"}
{"level":"\u001b[32minfo\u001b[39m","message":"\u001b[32mServer started on port 10000\u001b[39m","timestamp":"2025-09-24 10:00:38:038"}
{"level":"\u001b[32minfo\u001b[39m","message":"\u001b[32mMongoDB Connected successfully\u001b[39m","timestamp":"2025-09-24 10:00:39:039"}
{"level":"\u001b[32minfo\u001b[39m","message":"\u001b[32mServer started on port 10000\u001b[39m","timestamp":"2025-09-24 10:00:48:048"}
{"level":"\u001b[32minfo\u001b[39m","message":"\u001b[32mMongoDB Connected successfully\u001b[39m","timestamp":"2025-09-24 10:00:49:049"}
{"level":"\u001b[32minfo\u001b[39m","message":"\u001b[32mServer started on port 10000\u001b[39m","timestamp":"2025-09-24 10:01:03:13"}
{"level":"\u001b[32minfo\u001b[39m","message":"\u001b[32mMongoDB Connected successfully\u001b[39m","timestamp":"2025-09-24 10:01:04:14"}
{"level":"\u001b[32minfo\u001b[39m","message":"\u001b[32mServer started on port 10000\u001b[39m","timestamp":"2025-09-24 10:01:32:132"}
{"level":"\u001b[32minfo\u001b[39m","message":"\u001b[32mMongoDB Connected successfully\u001b[39m","timestamp":"2025-09-24 10:01:33:133"}
{"level":"\u001b[32minfo\u001b[39m","message":"\u001b[32mServer started on port 10000\u001b[39m","timestamp":"2025-09-24 10:03:13:313"}
{"level":"\u001b[32minfo\u001b[39m","message":"\u001b[32mMongoDB Connected successfully\u001b[39m","timestamp":"2025-09-24 10:03:14:314"}
{"level":"\u001b[32minfo\u001b[39m","message":"\u001b[32mServer started on port 10000\u001b[39m","timestamp":"2025-09-24 10:03:40:340"}
{"level":"\u001b[32minfo\u001b[39m","message":"\u001b[32mMongoDB Connected successfully\u001b[39m","timestamp":"2025-09-24 10:03:42:342"}
{"level":"\u001b[32minfo\u001b[39m","message":"\u001b[32mServer started on port 10000\u001b[39m","timestamp":"2025-09-24 10:04:01:41"}
{"level":"\u001b[32minfo\u001b[39m","message":"\u001b[32mMongoDB Connected successfully\u001b[39m","timestamp":"2025-09-24 10:04:02:42"}
{"level":"\u001b[32minfo\u001b[39m","message":"\u001b[32mServer started on port 10000\u001b[39m","timestamp":"2025-09-24 10:05:03:53"}
{"level":"\u001b[32minfo\u001b[39m","message":"\u001b[32mMongoDB Connected successfully\u001b[39m","timestamp":"2025-09-24 10:05:04:54"}
{"level":"\u001b[32minfo\u001b[39m","message":"\u001b[32mServer started on port 10000\u001b[39m","timestamp":"2025-09-24 10:10:46:1046"}
{"level":"\u001b[32minfo\u001b[39m","message":"\u001b[32mMongoDB Connected successfully\u001b[39m","timestamp":"2025-09-24 10:10:48:1048"}
{"level":"\u001b[32minfo\u001b[39m","message":"\u001b[32mServer started on port 10000\u001b[39m","timestamp":"2025-09-24 10:14:55:1455"}
{"level":"\u001b[32minfo\u001b[39m","message":"\u001b[32mMongoDB Connected successfully\u001b[39m","timestamp":"2025-09-24 10:14:58:1458"}
{"level":"\u001b[32minfo\u001b[39m","message":"\u001b[32mServer started on port 10000\u001b[39m","timestamp":"2025-09-24 10:15:15:1515"}
{"level":"\u001b[32minfo\u001b[39m","message":"\u001b[32mMongoDB Connected successfully\u001b[39m","timestamp":"2025-09-24 10:15:17:1517"}
{"level":"\u001b[32minfo\u001b[39m","message":"\u001b[32mServer started on port 10000\u001b[39m","timestamp":"2025-09-24 10:15:27:1527"}
{"level":"\u001b[32minfo\u001b[39m","message":"\u001b[32mMongoDB Connected successfully\u001b[39m","timestamp":"2025-09-24 10:15:27:1527"}
{"level":"\u001b[32minfo\u001b[39m","message":"\u001b[32mServer started on port 10000\u001b[39m","timestamp":"2025-09-24 10:15:52:1552"}
{"level":"\u001b[32minfo\u001b[39m","message":"\u001b[32mMongoDB Connected successfully\u001b[39m","timestamp":"2025-09-24 10:15:53:1553"}
{"level":"\u001b[32minfo\u001b[39m","message":"\u001b[32mServer started on port 10000\u001b[39m","timestamp":"2025-09-24 10:16:16:1616"}
{"level":"\u001b[32minfo\u001b[39m","message":"\u001b[32mMongoDB Connected successfully\u001b[39m","timestamp":"2025-09-24 10:16:18:1618"}
{"level":"\u001b[32minfo\u001b[39m","message":"\u001b[32mServer started on port 10000\u001b[39m","timestamp":"2025-09-24 10:17:19:1719"}
{"level":"\u001b[32minfo\u001b[39m","message":"\u001b[32mMongoDB Connected successfully\u001b[39m","timestamp":"2025-09-24 10:17:20:1720"}
{"level":"\u001b[32minfo\u001b[39m","message":"\u001b[32mServer started on port 10000\u001b[39m","timestamp":"2025-09-24 10:18:45:1845"}
{"level":"\u001b[32minfo\u001b[39m","message":"\u001b[32mMongoDB Connected successfully\u001b[39m","timestamp":"2025-09-24 10:18:47:1847"}
{"level":"\u001b[32minfo\u001b[39m","message":"\u001b[32mAppointment booked successfully: Client Cleyon Mclennon with Trainer admin admin on Thu Apr 03 2025 19:00:00 GMT-0500 (Eastern Standard Time) at 03:03\u001b[39m","timestamp":"2025-09-24 10:28:38:2838"}
{"level":"\u001b[32minfo\u001b[39m","message":"\u001b[32mServer started on port 10000\u001b[39m","timestamp":"2025-09-24 11:50:48:5048"}
{"level":"\u001b[32minfo\u001b[39m","message":"\u001b[32mMongoDB Connected successfully\u001b[39m","timestamp":"2025-09-24 11:50:49:5049"}
{"level":"\u001b[32minfo\u001b[39m","message":"\u001b[32mServer started on port 10000\u001b[39m","timestamp":"2025-09-24 13:28:46:2846"}
{"level":"\u001b[32minfo\u001b[39m","message":"\u001b[32mMongoDB Connected successfully\u001b[39m","timestamp":"2025-09-24 13:28:47:2847"}
{"level":"\u001b[31merror\u001b[39m","message":"\u001b[31mError: Missing credentials for \"PLAIN\" | Context: {\"context\":\"Email sending during signup\",\"userId\":\"68d43968482f62ebeea92474\"} | Stack: Error: Missing credentials for \"PLAIN\"\u001b[39m\n\u001b[31m    at SMTPConnection._formatError (C:\\Users\\josia\\jojo6550.github.io\\node_modules\\nodemailer\\lib\\smtp-connection\\index.js:809:19)\u001b[39m\n\u001b[31m    at SMTPConnection.login (C:\\Users\\josia\\jojo6550.github.io\\node_modules\\nodemailer\\lib\\smtp-connection\\index.js:454:38)\u001b[39m\n\u001b[31m    at C:\\Users\\josia\\jojo6550.github.io\\node_modules\\nodemailer\\lib\\smtp-transport\\index.js:272:32\u001b[39m\n\u001b[31m    at SMTPConnection.<anonymous> (C:\\Users\\josia\\jojo6550.github.io\\node_modules\\nodemailer\\lib\\smtp-connection\\index.js:215:17)\u001b[39m\n\u001b[31m    at Object.onceWrapper (node:events:632:28)\u001b[39m\n\u001b[31m    at SMTPConnection.emit (node:events:518:28)\u001b[39m\n\u001b[31m    at SMTPConnection._actionEHLO (C:\\Users\\josia\\jojo6550.github.io\\node_modules\\nodemailer\\lib\\smtp-connection\\index.js:1371:14)\u001b[39m\n\u001b[31m    at SMTPConnection._processResponse (C:\\Users\\josia\\jojo6550.github.io\\node_modules\\nodemailer\\lib\\smtp-connection\\index.js:993:20)\u001b[39m\n\u001b[31m    at SMTPConnection._onData (C:\\Users\\josia\\jojo6550.github.io\\node_modules\\nodemailer\\lib\\smtp-connection\\index.js:774:14)\u001b[39m\n\u001b[31m    at SMTPConnection._onSocketData (C:\\Users\\josia\\jojo6550.github.io\\node_modules\\nodemailer\\lib\\smtp-connection\\index.js:195:44)\u001b[39m","timestamp":"2025-09-24 13:33:13:3313"}
{"level":"\u001b[32minfo\u001b[39m","message":"\u001b[32mAppointment booked successfully: Client Jamin Johnson with Trainer Jamal Elliot on Thu Apr 03 2025 19:00:00 GMT-0500 (Eastern Standard Time) at 15:03\u001b[39m","timestamp":"2025-09-24 13:38:11:3811"}
{"level":"\u001b[32minfo\u001b[39m","message":"\u001b[32mServer started on port 10000\u001b[39m","timestamp":"2025-09-28 13:34:33:3433"}
{"level":"\u001b[32minfo\u001b[39m","message":"\u001b[32mMongoDB Connected successfully\u001b[39m","timestamp":"2025-09-28 13:34:34:3434"}
