{"level":"\u001b[32minfo\u001b[39m","message":"\u001b[32mUser action: profile_accessed | User ID: 68c20a7a9047962105c9ed2a | Details: {\"email\":\"kentoedits6550@gmail.com\"}\u001b[39m","timestamp":"2025-09-24 13:28:59:2859"}
{"level":"\u001b[32minfo\u001b[39m","message":"\u001b[32mUser action: profile_updated | User ID: 68c20a7a9047962105c9ed2a | Details: {\"email\":\"kentoedits6550@gmail.com\"}\u001b[39m","timestamp":"2025-09-24 13:29:04:294"}
{"level":"\u001b[32minfo\u001b[39m","message":"\u001b[32mUser action: signup_attempt | User ID: null | Details: {\"email\":\"noreplyjefitness@gmail.com\",\"firstName\":\"Jamal\",\"lastName\":\"Elliot\"}\u001b[39m","timestamp":"2025-09-24 13:33:12:3312"}
{"level":"\u001b[32minfo\u001b[39m","message":"\u001b[32mUser action: signup_success | User ID: 68d43968482f62ebeea92474 | Details: {\"email\":\"noreplyjefitness@gmail.com\",\"role\":\"user\"}\u001b[39m","timestamp":"2025-09-24 13:33:13:3313"}
{"level":"\u001b[32minfo\u001b[39m","message":"\u001b[32mUser action: profile_accessed | User ID: 68c20a7a9047962105c9ed2a | Details: {\"email\":\"kentoedits6550@gmail.com\"}\u001b[39m","timestamp":"2025-10-01 14:07:28:728"}
{"level":"\u001b[32minfo\u001b[39m","message":"\u001b[32mUser action: delete_appointment | User ID: 68c20a7a9047962105c9ed2a | Details: {\"appointmentId\":\"68e1659c8a40cba6a0f5ef13\"}\u001b[39m","timestamp":"2025-10-04 13:27:32:2732"}
{"level":"\u001b[32minfo\u001b[39m","message":"\u001b[32mUser action: book_appointment | User ID: 68c20a7a9047962105c9ed2a | Details: {\"appointmentId\":\"68e1673ac0825e31ec03403b\",\"trainerId\":\"687944145ddc99f659de2717\",\"date\":\"2025-09-29\",\"time\":\"13:31\"}\u001b[39m","timestamp":"2025-10-04 13:28:10:2810"}
{"level":"\u001b[32minfo\u001b[39m","message":"\u001b[32mUser action: delete_appointment | User ID: 68c20a7a9047962105c9ed2a | Details: {\"appointmentId\":\"68e1673ac0825e31ec03403b\"}\u001b[39m","timestamp":"2025-10-04 13:28:32:2832"}
{"level":"\u001b[32minfo\u001b[39m","message":"\u001b[32mUser action: book_appointment | User ID: 68c20a7a9047962105c9ed2a | Details: {\"appointmentId\":\"68e16769c0825e31ec03405b\",\"trainerId\":\"687944145ddc99f659de2717\",\"date\":\"2025-10-23\",\"time\":\"13:32\"}\u001b[39m","timestamp":"2025-10-04 13:28:57:2857"}
{"level":"\u001b[32minfo\u001b[39m","message":"\u001b[32mUser action: delete_appointment | User ID: 68c20a7a9047962105c9ed2a | Details: {\"appointmentId\":\"68e16769c0825e31ec03405b\"}\u001b[39m","timestamp":"2025-10-04 13:29:04:294"}
{"level":"\u001b[32minfo\u001b[39m","message":"\u001b[32mUser action: book_appointment | User ID: 68c20a7a9047962105c9ed2a | Details: {\"appointmentId\":\"68e167e01a330ede3bbc4b1c\",\"trainerId\":\"68d43968482f62ebeea92474\",\"date\":\"2025-10-25\",\"time\":\"13:34\"}\u001b[39m","timestamp":"2025-10-04 13:30:56:3056"}
{"level":"\u001b[32minfo\u001b[39m","message":"\u001b[32mUser action: delete_appointment | User ID: 68c20a7a9047962105c9ed2a | Details: {\"appointmentId\":\"68e167e01a330ede3bbc4b1c\"}\u001b[39m","timestamp":"2025-10-04 13:31:02:312"}
{"level":"\u001b[32minfo\u001b[39m","message":"\u001b[32mUser action: book_appointment | User ID: 68c20a7a9047962105c9ed2a | Details: {\"appointmentId\":\"68e167f21a330ede3bbc4b2e\",\"trainerId\":\"687944145ddc99f659de2717\",\"date\":\"2025-10-29\",\"time\":\"13:33\"}\u001b[39m","timestamp":"2025-10-04 13:31:15:3115"}
{"level":"\u001b[32minfo\u001b[39m","message":"\u001b[32mUser action: book_appointment | User ID: 68c20a7a9047962105c9ed2a | Details: {\"appointmentId\":\"68e169d4b1a6436b7d81ae50\",\"trainerId\":\"687944145ddc99f659de2717\",\"date\":\"2025-10-08\",\"time\":\"13:39\"}\u001b[39m","timestamp":"2025-10-04 13:39:16:3916"}
{"level":"\u001b[32minfo\u001b[39m","message":"\u001b[32mUser action: profile_accessed | User ID: 68c20a7a9047962105c9ed2a | Details: {\"email\":\"kentoedits6550@gmail.com\"}\u001b[39m","timestamp":"2025-10-09 13:25:05:255"}
{"level":"\u001b[32minfo\u001b[39m","message":"\u001b[32mUser action: profile_accessed | User ID: 68c20a7a9047962105c9ed2a | Details: {\"email\":\"kentoedits6550@gmail.com\"}\u001b[39m","timestamp":"2025-10-09 13:25:20:2520"}
{"level":"\u001b[32minfo\u001b[39m","message":"\u001b[32mUser action: profile_accessed | User ID: 68c20a7a9047962105c9ed2a | Details: {\"email\":\"kentoedits6550@gmail.com\"}\u001b[39m","timestamp":"2025-10-09 13:28:57:2857"}
{"level":"\u001b[32minfo\u001b[39m","message":"\u001b[32mUser action: profile_accessed | User ID: 68c20a7a9047962105c9ed2a | Details: {\"email\":\"kentoedits6550@gmail.com\"}\u001b[39m","timestamp":"2025-10-09 13:30:21:3021"}
{"level":"\u001b[32minfo\u001b[39m","message":"\u001b[32mUser action: profile_accessed | User ID: 68c20a7a9047962105c9ed2a | Details: {\"email\":\"kentoedits6550@gmail.com\"}\u001b[39m","timestamp":"2025-10-09 13:30:25:3025"}
{"level":"\u001b[32minfo\u001b[39m","message":"\u001b[32mUser action: profile_accessed | User ID: 68c20a7a9047962105c9ed2a | Details: {\"email\":\"kentoedits6550@gmail.com\"}\u001b[39m","timestamp":"2025-10-09 13:30:37:3037"}
{"level":"\u001b[32minfo\u001b[39m","message":"\u001b[32mUser action: profile_updated | User ID: 68c20a7a9047962105c9ed2a | Details: {\"email\":\"kentoedits6550@gmail.com\"}\u001b[39m","timestamp":"2025-10-09 13:30:52:3052"}
{"level":"\u001b[32minfo\u001b[39m","message":"\u001b[32mUser action: profile_accessed | User ID: 68c20a7a9047962105c9ed2a | Details: {\"email\":\"kentoedits6550@gmail.com\"}\u001b[39m","timestamp":"2025-10-09 13:30:57:3057"}
{"level":"\u001b[32minfo\u001b[39m","message":"\u001b[32mUser action: profile_accessed | User ID: 68c20a7a9047962105c9ed2a | Details: {\"email\":\"kentoedits6550@gmail.com\"}\u001b[39m","timestamp":"2025-10-09 13:31:00:310"}
{"level":"\u001b[32minfo\u001b[39m","message":"\u001b[32mUser action: profile_accessed | User ID: 68c20a7a9047962105c9ed2a | Details: {\"email\":\"kentoedits6550@gmail.com\"}\u001b[39m","timestamp":"2025-10-09 13:35:19:3519"}
{"level":"\u001b[32minfo\u001b[39m","message":"\u001b[32mUser action: profile_accessed | User ID: 68c20a7a9047962105c9ed2a | Details: {\"email\":\"kentoedits6550@gmail.com\"}\u001b[39m","timestamp":"2025-10-09 13:36:08:368"}
{"level":"\u001b[32minfo\u001b[39m","message":"\u001b[32mUser action: profile_accessed | User ID: 68c20a7a9047962105c9ed2a | Details: {\"email\":\"kentoedits6550@gmail.com\"}\u001b[39m","timestamp":"2025-10-09 13:38:44:3844"}
{"level":"\u001b[32minfo\u001b[39m","message":"\u001b[32mUser action: profile_accessed | User ID: 68c20a7a9047962105c9ed2a | Details: {\"email\":\"kentoedits6550@gmail.com\"}\u001b[39m","timestamp":"2025-10-09 13:42:12:4212"}
{"level":"\u001b[32minfo\u001b[39m","message":"\u001b[32mUser action: profile_accessed | User ID: 68c20a7a9047962105c9ed2a | Details: {\"email\":\"kentoedits6550@gmail.com\"}\u001b[39m","timestamp":"2025-10-09 13:44:16:4416"}
{"level":"\u001b[32minfo\u001b[39m","message":"\u001b[32mUser action: profile_accessed | User ID: 68c20a7a9047962105c9ed2a | Details: {\"email\":\"kentoedits6550@gmail.com\"}\u001b[39m","timestamp":"2025-10-09 13:44:30:4430"}
{"level":"\u001b[32minfo\u001b[39m","message":"\u001b[32mUser action: profile_accessed | User ID: 68c20a7a9047962105c9ed2a | Details: {\"email\":\"kentoedits6550@gmail.com\"}\u001b[39m","timestamp":"2025-10-09 13:51:56:5156"}
{"level":"\u001b[32minfo\u001b[39m","message":"\u001b[32mUser action: profile_accessed | User ID: 68c20a7a9047962105c9ed2a | Details: {\"email\":\"kentoedits6550@gmail.com\"}\u001b[39m","timestamp":"2025-10-09 14:10:29:1029"}
{"level":"\u001b[32minfo\u001b[39m","message":"\u001b[32mUser action: profile_accessed | User ID: 68c20a7a9047962105c9ed2a | Details: {\"email\":\"kentoedits6550@gmail.com\"}\u001b[39m","timestamp":"2025-10-09 14:10:49:1049"}
{"level":"\u001b[32minfo\u001b[39m","message":"\u001b[32mUser action: profile_accessed | User ID: 68c20a7a9047962105c9ed2a | Details: {\"email\":\"kentoedits6550@gmail.com\"}\u001b[39m","timestamp":"2025-10-09 14:12:09:129"}
{"level":"\u001b[32minfo\u001b[39m","message":"\u001b[32mUser action: profile_accessed | User ID: 68c20a7a9047962105c9ed2a | Details: {\"email\":\"kentoedits6550@gmail.com\"}\u001b[39m","timestamp":"2025-10-09 14:12:51:1251"}
{"level":"\u001b[32minfo\u001b[39m","message":"\u001b[32mUser action: profile_accessed | User ID: 68c20a7a9047962105c9ed2a | Details: {\"email\":\"kentoedits6550@gmail.com\"}\u001b[39m","timestamp":"2025-10-09 15:02:20:220"}
{"level":"\u001b[32minfo\u001b[39m","message":"\u001b[32mUser action: book_appointment | User ID: 68c20a7a9047962105c9ed2a | Details: {\"appointmentId\":\"68e814de62260fd16867a8f6\",\"trainerId\":\"68d43968482f62ebeea92474\",\"date\":\"2025-10-09\",\"time\":\"15:04\"}\u001b[39m","timestamp":"2025-10-09 15:02:38:238"}
{"level":"\u001b[32minfo\u001b[39m","message":"\u001b[32mUser action: profile_accessed | User ID: 68c20a7a9047962105c9ed2a | Details: {\"email\":\"kentoedits6550@gmail.com\"}\u001b[39m","timestamp":"2025-10-12 18:35:07:357"}
{"level":"\u001b[32minfo\u001b[39m","message":"\u001b[32mUser action: profile_accessed | User ID: 68c20a7a9047962105c9ed2a | Details: {\"email\":\"kentoedits6550@gmail.com\"}\u001b[39m","timestamp":"2025-10-12 18:35:12:3512"}
{"level":"\u001b[32minfo\u001b[39m","message":"\u001b[32mUser action: profile_accessed | User ID: 68c20a7a9047962105c9ed2a | Details: {\"email\":\"kentoedits6550@gmail.com\"}\u001b[39m","timestamp":"2025-10-12 18:35:56:3556"}
{"level":"\u001b[32minfo\u001b[39m","message":"\u001b[32mUser action: profile_accessed | User ID: 68c20a7a9047962105c9ed2a | Details: {\"email\":\"kentoedits6550@gmail.com\"}\u001b[39m","timestamp":"2025-10-12 18:35:57:3557"}
{"level":"\u001b[32minfo\u001b[39m","message":"\u001b[32mUser action: profile_accessed | User ID: 68c20a7a9047962105c9ed2a | Details: {\"email\":\"kentoedits6550@gmail.com\"}\u001b[39m","timestamp":"2025-10-12 18:36:18:3618"}
{"level":"\u001b[32minfo\u001b[39m","message":"\u001b[32mUser action: profile_accessed | User ID: 68c20a7a9047962105c9ed2a | Details: {\"email\":\"kentoedits6550@gmail.com\"}\u001b[39m","timestamp":"2025-10-12 18:43:41:4341"}
{"level":"\u001b[32minfo\u001b[39m","message":"\u001b[32mUser action: profile_accessed | User ID: 68c20a7a9047962105c9ed2a | Details: {\"email\":\"kentoedits6550@gmail.com\"}\u001b[39m","timestamp":"2025-10-12 18:43:44:4344"}
{"level":"\u001b[32minfo\u001b[39m","message":"\u001b[32mUser action: profile_accessed | User ID: 68c20a7a9047962105c9ed2a | Details: {\"email\":\"kentoedits6550@gmail.com\"}\u001b[39m","timestamp":"2025-10-12 18:43:50:4350"}
{"level":"\u001b[32minfo\u001b[39m","message":"\u001b[32mUser action: profile_accessed | User ID: 68c20a7a9047962105c9ed2a | Details: {\"email\":\"kentoedits6550@gmail.com\"}\u001b[39m","timestamp":"2025-10-12 18:44:04:444"}
{"level":"\u001b[32minfo\u001b[39m","message":"\u001b[32mUser action: profile_accessed | User ID: 68c20a7a9047962105c9ed2a | Details: {\"email\":\"kentoedits6550@gmail.com\"}\u001b[39m","timestamp":"2025-10-12 18:44:17:4417"}
{"level":"\u001b[32minfo\u001b[39m","message":"\u001b[32mUser action: profile_accessed | User ID: 68c20a7a9047962105c9ed2a | Details: {\"email\":\"kentoedits6550@gmail.com\"}\u001b[39m","timestamp":"2025-10-12 18:44:39:4439"}
{"level":"\u001b[32minfo\u001b[39m","message":"\u001b[32mUser action: profile_accessed | User ID: 68c20a7a9047962105c9ed2a | Details: {\"email\":\"kentoedits6550@gmail.com\"}\u001b[39m","timestamp":"2025-10-12 18:44:46:4446"}
{"level":"\u001b[32minfo\u001b[39m","message":"\u001b[32mUser action: profile_accessed | User ID: 68c20a7a9047962105c9ed2a | Details: {\"email\":\"kentoedits6550@gmail.com\"}\u001b[39m","timestamp":"2025-10-12 18:44:59:4459"}
{"level":"\u001b[32minfo\u001b[39m","message":"\u001b[32mUser action: profile_accessed | User ID: 68c20a7a9047962105c9ed2a | Details: {\"email\":\"kentoedits6550@gmail.com\"}\u001b[39m","timestamp":"2025-10-12 18:46:03:463"}
{"level":"\u001b[32minfo\u001b[39m","message":"\u001b[32mUser action: profile_updated | User ID: 68c20a7a9047962105c9ed2a | Details: {\"email\":\"kentoedits6550@gmail.com\"}\u001b[39m","timestamp":"2025-10-12 18:48:40:4840"}
{"level":"\u001b[32minfo\u001b[39m","message":"\u001b[32mUser action: profile_accessed | User ID: 68c20a7a9047962105c9ed2a | Details: {\"email\":\"kentoedits6550@gmail.com\"}\u001b[39m","timestamp":"2025-10-12 18:50:20:5020"}
{"level":"\u001b[32minfo\u001b[39m","message":"\u001b[32mUser action: profile_accessed | User ID: 68c20a7a9047962105c9ed2a | Details: {\"email\":\"kentoedits6550@gmail.com\"}\u001b[39m","timestamp":"2025-10-12 18:50:23:5023"}
{"level":"\u001b[32minfo\u001b[39m","message":"\u001b[32mUser action: profile_accessed | User ID: 68c20a7a9047962105c9ed2a | Details: {\"email\":\"kentoedits6550@gmail.com\"}\u001b[39m","timestamp":"2025-10-12 18:50:44:5044"}
{"level":"\u001b[32minfo\u001b[39m","message":"\u001b[32mUser action: profile_accessed | User ID: 68c20a7a9047962105c9ed2a | Details: {\"email\":\"kentoedits6550@gmail.com\"}\u001b[39m","timestamp":"2025-10-12 18:53:23:5323"}
{"level":"\u001b[32minfo\u001b[39m","message":"\u001b[32mUser action: profile_accessed | User ID: 68c20a7a9047962105c9ed2a | Details: {\"email\":\"kentoedits6550@gmail.com\"}\u001b[39m","timestamp":"2025-10-12 18:56:37:5637"}
{"level":"\u001b[32minfo\u001b[39m","message":"\u001b[32mUser action: profile_accessed | User ID: 68c20a7a9047962105c9ed2a | Details: {\"email\":\"kentoedits6550@gmail.com\"}\u001b[39m","timestamp":"2025-10-12 18:56:47:5647"}
{"level":"\u001b[32minfo\u001b[39m","message":"\u001b[32mUser action: profile_accessed | User ID: 68c20a7a9047962105c9ed2a | Details: {\"email\":\"kentoedits6550@gmail.com\"}\u001b[39m","timestamp":"2025-10-12 18:58:06:586"}
{"level":"\u001b[32minfo\u001b[39m","message":"\u001b[32mUser action: medical_uploaded | User ID: 68c20a7a9047962105c9ed2a | Details: {\"email\":\"kentoedits6550@gmail.com\",\"fileCount\":1}\u001b[39m","timestamp":"2025-10-12 18:58:51:5851"}
{"level":"\u001b[32minfo\u001b[39m","message":"\u001b[32mUser action: profile_accessed | User ID: 68c20a7a9047962105c9ed2a | Details: {\"email\":\"kentoedits6550@gmail.com\"}\u001b[39m","timestamp":"2025-10-12 18:58:55:5855"}
